Log file open, 12/06/20 21:11:44
LogInit: Display: Running engine for game: OnlineCowboyGame
LogPlatformFile: Not using cached read wrapper
LogTaskGraph: Started task graph with 5 named threads and 14 total threads with 3 sets of task threads.
LogStats: Stats thread started at 0.317327
LogD3D11RHI: Loaded GFSDK_Aftermath_Lib.x64.dll
LogICUInternationalization: ICU TimeZone Detection - Raw Offset: +1:00, Platform Override: ''
LogPluginManager: Mounting plugin Paper2D
LogPluginManager: Mounting plugin AISupport
LogPluginManager: Mounting plugin LightPropagationVolume
LogPluginManager: Mounting plugin CameraShakePreviewer
LogPluginManager: Mounting plugin ActorLayerUtilities
LogPluginManager: Mounting plugin AnimationSharing
LogPluginManager: Mounting plugin CLionSourceCodeAccess
LogPluginManager: Mounting plugin CodeLiteSourceCodeAccess
LogPluginManager: Mounting plugin GitSourceControl
LogPluginManager: Mounting plugin KDevelopSourceCodeAccess
LogPluginManager: Mounting plugin NullSourceCodeAccess
LogPluginManager: Mounting plugin PerforceSourceControl
LogPluginManager: Mounting plugin PlasticSourceControl
LogPluginManager: Mounting plugin RiderSourceCodeAccess
LogPluginManager: Mounting plugin SubversionSourceControl
LogPluginManager: Mounting plugin UObjectPlugin
LogPluginManager: Mounting plugin VisualStudioCodeSourceCodeAccess
LogPluginManager: Mounting plugin VisualStudioSourceCodeAccess
LogPluginManager: Mounting plugin XCodeSourceCodeAccess
LogPluginManager: Mounting plugin AssetManagerEditor
LogPluginManager: Mounting plugin CryptoKeys
LogPluginManager: Mounting plugin CurveEditorTools
LogPluginManager: Mounting plugin DataValidation
LogPluginManager: Mounting plugin EditorScriptingUtilities
LogPluginManager: Mounting plugin FacialAnimation
LogPluginManager: Mounting plugin GameplayTagsEditor
LogPluginManager: Mounting plugin GeometryMode
LogPluginManager: Mounting plugin MacGraphicsSwitching
LogPluginManager: Mounting plugin MaterialAnalyzer
LogPluginManager: Mounting plugin MobileLauncherProfileWizard
LogPluginManager: Mounting plugin PluginBrowser
LogPluginManager: Mounting plugin SpeedTreeImporter
LogPluginManager: Mounting plugin DatasmithContent
LogPluginManager: Mounting plugin VariantManagerContent
LogPluginManager: Mounting plugin AlembicImporter
LogPluginManager: Mounting plugin AutomationUtils
LogPluginManager: Mounting plugin BackChannel
LogPluginManager: Mounting plugin ChaosCloth
LogPluginManager: Mounting plugin ChaosClothEditor
LogPluginManager: Mounting plugin ChaosEditor
LogPluginManager: Mounting plugin ChaosNiagara
LogPluginManager: Mounting plugin ChaosSolverPlugin
LogPluginManager: Mounting plugin CharacterAI
LogPluginManager: Mounting plugin GeometryCache
LogPluginManager: Mounting plugin GeometryCollectionPlugin
LogPluginManager: Mounting plugin GeometryProcessing
LogPluginManager: Mounting plugin PlanarCut
LogPluginManager: Mounting plugin PlatformCrypto
LogPluginManager: Mounting plugin ProxyLODPlugin
LogPluginManager: Mounting plugin SkeletalReduction
LogPluginManager: Mounting plugin Niagara
LogPluginManager: Mounting plugin MagicLeap
LogPluginManager: Mounting plugin MagicLeapLightEstimation
LogPluginManager: Mounting plugin MagicLeapMedia
LogPluginManager: Mounting plugin MagicLeapPassableWorld
LogPluginManager: Mounting plugin MLSDK
LogPluginManager: Mounting plugin AndroidMedia
LogPluginManager: Mounting plugin AvfMedia
LogPluginManager: Mounting plugin ImgMedia
LogPluginManager: Mounting plugin MediaCompositing
LogPluginManager: Mounting plugin MediaPlayerEditor
LogPluginManager: Mounting plugin WebMMedia
LogPluginManager: Mounting plugin WmfMedia
LogPluginManager: Mounting plugin MeshPainting
LogPluginManager: Mounting plugin TcpMessaging
LogPluginManager: Mounting plugin UdpMessaging
LogPluginManager: Mounting plugin ActorSequence
LogPluginManager: Mounting plugin LevelSequenceEditor
LogPluginManager: Mounting plugin MatineeToLevelSequence
LogPluginManager: Mounting plugin MovieRenderPipeline
LogPluginManager: Mounting plugin TemplateSequence
LogPluginManager: Mounting plugin NetcodeUnitTest
LogPluginManager: Mounting plugin NUTUnrealEngine4
LogPluginManager: Mounting plugin OnlineSubsystemGooglePlay
LogPluginManager: Mounting plugin OnlineSubsystemIOS
LogPluginManager: Mounting plugin OnlineSubsystem
LogPluginManager: Mounting plugin OnlineSubsystemNull
LogPluginManager: Mounting plugin OnlineSubsystemUtils
LogPluginManager: Mounting plugin LauncherChunkInstaller
LogPluginManager: Mounting plugin AndroidDeviceProfileSelector
LogPluginManager: Mounting plugin AndroidMoviePlayer
LogPluginManager: Mounting plugin AndroidPermission
LogPluginManager: Mounting plugin AppleImageUtils
LogPluginManager: Mounting plugin AppleMoviePlayer
LogPluginManager: Mounting plugin ArchVisCharacter
LogPluginManager: Mounting plugin AssetTags
LogPluginManager: Mounting plugin AudioCapture
LogPluginManager: Mounting plugin CableComponent
LogPluginManager: Mounting plugin CustomMeshComponent
LogPluginManager: Mounting plugin EditableMesh
LogPluginManager: Mounting plugin ExampleDeviceProfileSelector
LogPluginManager: Mounting plugin GoogleCloudMessaging
LogPluginManager: Mounting plugin GooglePAD
LogPluginManager: Mounting plugin IOSDeviceProfileSelector
LogPluginManager: Mounting plugin LinuxDeviceProfileSelector
LogPluginManager: Mounting plugin LocationServicesBPLibrary
LogPluginManager: Mounting plugin MobilePatchingUtils
LogPluginManager: Mounting plugin OculusVR
LogPluginManager: Mounting plugin PhysXVehicles
LogPluginManager: Mounting plugin PostSplashScreen
LogPluginManager: Mounting plugin ProceduralMeshComponent
LogPluginManager: Mounting plugin RuntimePhysXCooking
LogPluginManager: Mounting plugin SignificanceManager
LogPluginManager: Mounting plugin SoundFields
LogPluginManager: Mounting plugin SteamVR
LogPluginManager: Mounting plugin Synthesis
LogPluginManager: Mounting plugin WebMMoviePlayer
LogPluginManager: Mounting plugin WindowsMoviePlayer
LogPluginManager: Mounting plugin ScreenshotTools
LogInit: Using libcurl 7.55.1-DEV
LogInit:  - built for x86_64-pc-win32
LogInit:  - supports SSL with OpenSSL/1.1.1
LogInit:  - supports HTTP deflate (compression) using libz 1.2.8
LogInit:  - other features:
LogInit:      CURL_VERSION_SSL
LogInit:      CURL_VERSION_LIBZ
LogInit:      CURL_VERSION_IPV6
LogInit:      CURL_VERSION_ASYNCHDNS
LogInit:      CURL_VERSION_LARGEFILE
LogInit:      CURL_VERSION_IDN
LogInit:  CurlRequestOptions (configurable via config and command line):
LogInit:  - bVerifyPeer = true  - Libcurl will verify peer certificate
LogInit:  - bUseHttpProxy = false  - Libcurl will NOT use HTTP proxy
LogInit:  - bDontReuseConnections = false  - Libcurl will reuse connections
LogInit:  - MaxHostConnections = 16  - Libcurl will limit the number of connections to a host
LogInit:  - LocalHostAddr = Default
LogInit:  - BufferSize = 65536
LogOnline: OSS: Creating online subsystem instance for: NULL
LogInit: WinSock: version 1.1 (2.2), MaxSocks=32767, MaxUdp=65467
LogOnline: OSS: TryLoadSubsystemAndSetDefault: Loaded subsystem for module [NULL]
LogInit: Build: ++UE4+Release-4.25-CL-13942748
LogInit: Engine Version: 4.25.3-13942748+++UE4+Release-4.25
LogInit: Compatible Engine Version: 4.25.0-13144385+++UE4+Release-4.25
LogInit: Net CL: 13144385
LogInit: OS: Windows 10 (Release 2004) (), CPU:        Intel(R) Core(TM) i5-3570K CPU @ 3.40GHz, GPU: NVIDIA GeForce GTX 660
LogInit: Compiled (64-bit): Jul 25 2020 02:07:48
LogInit: Compiled with Visual C++: 19.24.28315.00
LogInit: Build Configuration: Development
LogInit: Branch Name: ++UE4+Release-4.25
LogInit: Command Line: 
LogInit: Base Directory: C:/Program Files/Epic Games/UE_4.25/Engine/Binaries/Win64/
LogInit: Allocator: TBB
LogInit: Installed Engine Build: 1
LogDevObjectVersion: Number of dev versions registered: 26
LogDevObjectVersion:   Dev-Blueprints (B0D832E4-1F89-4F0D-ACCF-7EB736FD4AA2): 10
LogDevObjectVersion:   Dev-Build (E1C64328-A22C-4D53-A36C-8E866417BD8C): 0
LogDevObjectVersion:   Dev-Core (375EC13C-06E4-48FB-B500-84F0262A717E): 4
LogDevObjectVersion:   Dev-Editor (E4B068ED-F494-42E9-A231-DA0B2E46BB41): 38
LogDevObjectVersion:   Dev-Framework (CFFC743F-43B0-4480-9391-14DF171D2073): 37
LogDevObjectVersion:   Dev-Mobile (B02B49B5-BB20-44E9-A304-32B752E40360): 2
LogDevObjectVersion:   Dev-Networking (A4E4105C-59A1-49B5-A7C5-40C4547EDFEE): 0
LogDevObjectVersion:   Dev-Online (39C831C9-5AE6-47DC-9A44-9C173E1C8E7C): 0
LogDevObjectVersion:   Dev-Physics (78F01B33-EBEA-4F98-B9B4-84EACCB95AA2): 4
LogDevObjectVersion:   Dev-Platform (6631380F-2D4D-43E0-8009-CF276956A95A): 0
LogDevObjectVersion:   Dev-Rendering (12F88B9F-8875-4AFC-A67C-D90C383ABD29): 43
LogDevObjectVersion:   Dev-Sequencer (7B5AE74C-D270-4C10-A958-57980B212A5A): 12
LogDevObjectVersion:   Dev-VR (D7296918-1DD6-4BDD-9DE2-64A83CC13884): 3
LogDevObjectVersion:   Dev-LoadTimes (C2A15278-BFE7-4AFE-6C17-90FF531DF755): 1
LogDevObjectVersion:   Private-Geometry (6EACA3D4-40EC-4CC1-B786-8BED09428FC5): 3
LogDevObjectVersion:   Dev-AnimPhys (29E575DD-E0A3-4627-9D10-D276232CDCEA): 17
LogDevObjectVersion:   Dev-Anim (AF43A65D-7FD3-4947-9873-3E8ED9C1BB05): 7
LogDevObjectVersion:   Dev-ReflectionCapture (6B266CEC-1EC7-4B8F-A30B-E4D90942FC07): 1
LogDevObjectVersion:   Dev-Automation (0DF73D61-A23F-47EA-B727-89E90C41499A): 1
LogDevObjectVersion:   FortniteMain (601D1886-AC64-4F84-AA16-D3DE0DEAC7D6): 31
LogDevObjectVersion:   Dev-Enterprise (9DFFBCD6-494F-0158-E221-12823C92A888): 10
LogDevObjectVersion:   Dev-Niagara (F2AED0AC-9AFE-416F-8664-AA7FFA26D6FC): 1
LogDevObjectVersion:   Dev-Destruction (174F1F0B-B4C6-45A5-B13F-2EE8D0FB917D): 10
LogDevObjectVersion:   Dev-Physics-Ext (35F94A83-E258-406C-A318-09F59610247C): 37
LogDevObjectVersion:   Dev-PhysicsMaterial-Chaos (B68FC16E-8B1B-42E2-B453-215C058844FE): 1
LogDevObjectVersion:   Dev-CineCamera (B2E18506-4273-CFC2-A54E-F4BB758BBA07): 1
LogInit: Presizing for max 25165824 objects, including 0 objects not considered by GC, pre-allocating 0 bytes for permanent pool.
LogConfig: Applying CVar settings from Section [/Script/Engine.StreamingSettings] File [C:/Users/lukas/Documents/Unreal Projects/OnlineCowboyCompetitionGame/OnlineCowboyGame/Saved/Config/Windows/Engine.ini]
LogConfig: Setting CVar [[s.MinBulkDataSizeForAsyncLoading:131072]]
LogConfig: Setting CVar [[s.AsyncLoadingThreadEnabled:0]]
LogConfig: Setting CVar [[s.EventDrivenLoaderEnabled:1]]
LogConfig: Setting CVar [[s.WarnIfTimeLimitExceeded:0]]
LogConfig: Setting CVar [[s.TimeLimitExceededMultiplier:1.5]]
LogConfig: Setting CVar [[s.TimeLimitExceededMinTime:0.005]]
LogConfig: Setting CVar [[s.UseBackgroundLevelStreaming:1]]
LogConfig: Setting CVar [[s.PriorityAsyncLoadingExtraTime:15.0]]
LogConfig: Setting CVar [[s.LevelStreamingActorsUpdateTimeLimit:5.0]]
LogConfig: Setting CVar [[s.PriorityLevelStreamingActorsUpdateExtraTime:5.0]]
LogConfig: Setting CVar [[s.LevelStreamingComponentsRegistrationGranularity:10]]
LogConfig: Setting CVar [[s.UnregisterComponentsTimeLimit:1.0]]
LogConfig: Setting CVar [[s.LevelStreamingComponentsUnregistrationGranularity:5]]
LogConfig: Setting CVar [[s.FlushStreamingOnExit:1]]
LogInit: Object subsystem initialized
LogConfig: Setting CVar [[con.DebugEarlyDefault:1]]
LogConfig: Setting CVar [[r.setres:1280x720]]
[2020.12.06-20.11.45:018][  0]LogConfig: Setting CVar [[r.VSync:0]]
[2020.12.06-20.11.45:018][  0]LogConfig: Setting CVar [[r.RHICmdBypass:0]]
[2020.12.06-20.11.45:018][  0]LogConfig: Applying CVar settings from Section [/Script/Engine.RendererSettings] File [C:/Users/lukas/Documents/Unreal Projects/OnlineCowboyCompetitionGame/OnlineCowboyGame/Saved/Config/Windows/Engine.ini]
[2020.12.06-20.11.45:018][  0]LogConfig: Setting CVar [[r.GPUCrashDebugging:0]]
[2020.12.06-20.11.45:018][  0]LogConfig: Applying CVar settings from Section [/Script/Engine.RendererOverrideSettings] File [C:/Users/lukas/Documents/Unreal Projects/OnlineCowboyCompetitionGame/OnlineCowboyGame/Saved/Config/Windows/Engine.ini]
[2020.12.06-20.11.45:018][  0]LogConfig: Applying CVar settings from Section [/Script/Engine.StreamingSettings] File [C:/Users/lukas/Documents/Unreal Projects/OnlineCowboyCompetitionGame/OnlineCowboyGame/Saved/Config/Windows/Engine.ini]
[2020.12.06-20.11.45:018][  0]LogConfig: Setting CVar [[s.MinBulkDataSizeForAsyncLoading:131072]]
[2020.12.06-20.11.45:018][  0]LogConfig: Setting CVar [[s.AsyncLoadingThreadEnabled:0]]
[2020.12.06-20.11.45:018][  0]LogConfig: Setting CVar [[s.EventDrivenLoaderEnabled:1]]
[2020.12.06-20.11.45:018][  0]LogConfig: Setting CVar [[s.WarnIfTimeLimitExceeded:0]]
[2020.12.06-20.11.45:018][  0]LogConfig: Setting CVar [[s.TimeLimitExceededMultiplier:1.5]]
[2020.12.06-20.11.45:018][  0]LogConfig: Setting CVar [[s.TimeLimitExceededMinTime:0.005]]
[2020.12.06-20.11.45:018][  0]LogConfig: Setting CVar [[s.UseBackgroundLevelStreaming:1]]
[2020.12.06-20.11.45:018][  0]LogConfig: Setting CVar [[s.PriorityAsyncLoadingExtraTime:15.0]]
[2020.12.06-20.11.45:018][  0]LogConfig: Setting CVar [[s.LevelStreamingActorsUpdateTimeLimit:5.0]]
[2020.12.06-20.11.45:019][  0]LogConfig: Setting CVar [[s.PriorityLevelStreamingActorsUpdateExtraTime:5.0]]
[2020.12.06-20.11.45:019][  0]LogConfig: Setting CVar [[s.LevelStreamingComponentsRegistrationGranularity:10]]
[2020.12.06-20.11.45:019][  0]LogConfig: Setting CVar [[s.UnregisterComponentsTimeLimit:1.0]]
[2020.12.06-20.11.45:019][  0]LogConfig: Setting CVar [[s.LevelStreamingComponentsUnregistrationGranularity:5]]
[2020.12.06-20.11.45:019][  0]LogConfig: Setting CVar [[s.FlushStreamingOnExit:1]]
[2020.12.06-20.11.45:019][  0]LogConfig: Applying CVar settings from Section [/Script/Engine.GarbageCollectionSettings] File [C:/Users/lukas/Documents/Unreal Projects/OnlineCowboyCompetitionGame/OnlineCowboyGame/Saved/Config/Windows/Engine.ini]
[2020.12.06-20.11.45:019][  0]LogConfig: Setting CVar [[gc.MaxObjectsNotConsideredByGC:1]]
[2020.12.06-20.11.45:019][  0]LogConfig: Setting CVar [[gc.SizeOfPermanentObjectPool:0]]
[2020.12.06-20.11.45:019][  0]LogConfig: Setting CVar [[gc.FlushStreamingOnGC:0]]
[2020.12.06-20.11.45:019][  0]LogConfig: Setting CVar [[gc.NumRetriesBeforeForcingGC:10]]
[2020.12.06-20.11.45:019][  0]LogConfig: Setting CVar [[gc.AllowParallelGC:1]]
[2020.12.06-20.11.45:019][  0]LogConfig: Setting CVar [[gc.TimeBetweenPurgingPendingKillObjects:61.1]]
[2020.12.06-20.11.45:019][  0]LogConfig: Setting CVar [[gc.MaxObjectsInEditor:25165824]]
[2020.12.06-20.11.45:019][  0]LogConfig: Setting CVar [[gc.IncrementalBeginDestroyEnabled:1]]
[2020.12.06-20.11.45:019][  0]LogConfig: Setting CVar [[gc.CreateGCClusters:1]]
[2020.12.06-20.11.45:019][  0]LogConfig: Setting CVar [[gc.MinGCClusterSize:5]]
[2020.12.06-20.11.45:019][  0]LogConfig: Setting CVar [[gc.ActorClusteringEnabled:0]]
[2020.12.06-20.11.45:019][  0]LogConfig: Setting CVar [[gc.BlueprintClusteringEnabled:0]]
[2020.12.06-20.11.45:019][  0]LogConfig: Setting CVar [[gc.UseDisregardForGCOnDedicatedServers:0]]
[2020.12.06-20.11.45:019][  0]LogConfig: Applying CVar settings from Section [/Script/Engine.NetworkSettings] File [C:/Users/lukas/Documents/Unreal Projects/OnlineCowboyCompetitionGame/OnlineCowboyGame/Saved/Config/Windows/Engine.ini]
[2020.12.06-20.11.45:019][  0]LogConfig: Applying CVar settings from Section [/Script/UnrealEd.CookerSettings] File [C:/Users/lukas/Documents/Unreal Projects/OnlineCowboyCompetitionGame/OnlineCowboyGame/Saved/Config/Windows/Engine.ini]
[2020.12.06-20.11.45:027][  0]LogConfig: Applying CVar settings from Section [ViewDistanceQuality@3] File [C:/Users/lukas/Documents/Unreal Projects/OnlineCowboyCompetitionGame/OnlineCowboyGame/Saved/Config/Windows/Scalability.ini]
[2020.12.06-20.11.45:027][  0]LogConfig: Setting CVar [[r.SkeletalMeshLODBias:0]]
[2020.12.06-20.11.45:027][  0]LogConfig: Setting CVar [[r.ViewDistanceScale:1.0]]
[2020.12.06-20.11.45:027][  0]LogConfig: Applying CVar settings from Section [AntiAliasingQuality@3] File [C:/Users/lukas/Documents/Unreal Projects/OnlineCowboyCompetitionGame/OnlineCowboyGame/Saved/Config/Windows/Scalability.ini]
[2020.12.06-20.11.45:027][  0]LogConfig: Setting CVar [[r.PostProcessAAQuality:4]]
[2020.12.06-20.11.45:027][  0]LogConfig: Applying CVar settings from Section [ShadowQuality@3] File [C:/Users/lukas/Documents/Unreal Projects/OnlineCowboyCompetitionGame/OnlineCowboyGame/Saved/Config/Windows/Scalability.ini]
[2020.12.06-20.11.45:027][  0]LogConfig: Setting CVar [[r.LightFunctionQuality:1]]
[2020.12.06-20.11.45:027][  0]LogConfig: Setting CVar [[r.ShadowQuality:5]]
[2020.12.06-20.11.45:028][  0]LogConfig: Setting CVar [[r.Shadow.CSM.MaxCascades:10]]
[2020.12.06-20.11.45:028][  0]LogConfig: Setting CVar [[r.Shadow.MaxResolution:2048]]
[2020.12.06-20.11.45:028][  0]LogConfig: Setting CVar [[r.Shadow.MaxCSMResolution:2048]]
[2020.12.06-20.11.45:028][  0]LogConfig: Setting CVar [[r.Shadow.RadiusThreshold:0.01]]
[2020.12.06-20.11.45:028][  0]LogConfig: Setting CVar [[r.Shadow.DistanceScale:1.0]]
[2020.12.06-20.11.45:028][  0]LogConfig: Setting CVar [[r.Shadow.CSM.TransitionScale:1.0]]
[2020.12.06-20.11.45:028][  0]LogConfig: Setting CVar [[r.Shadow.PreShadowResolutionFactor:1.0]]
[2020.12.06-20.11.45:028][  0]LogConfig: Setting CVar [[r.DistanceFieldShadowing:1]]
[2020.12.06-20.11.45:028][  0]LogConfig: Setting CVar [[r.DistanceFieldAO:1]]
[2020.12.06-20.11.45:028][  0]LogConfig: Setting CVar [[r.AOQuality:2]]
[2020.12.06-20.11.45:028][  0]LogConfig: Setting CVar [[r.VolumetricFog:1]]
[2020.12.06-20.11.45:028][  0]LogConfig: Setting CVar [[r.VolumetricFog.GridPixelSize:8]]
[2020.12.06-20.11.45:028][  0]LogConfig: Setting CVar [[r.VolumetricFog.GridSizeZ:128]]
[2020.12.06-20.11.45:028][  0]LogConfig: Setting CVar [[r.VolumetricFog.HistoryMissSupersampleCount:4]]
[2020.12.06-20.11.45:028][  0]LogConfig: Setting CVar [[r.LightMaxDrawDistanceScale:1]]
[2020.12.06-20.11.45:028][  0]LogConfig: Setting CVar [[r.CapsuleShadows:1]]
[2020.12.06-20.11.45:028][  0]LogConfig: Applying CVar settings from Section [PostProcessQuality@3] File [C:/Users/lukas/Documents/Unreal Projects/OnlineCowboyCompetitionGame/OnlineCowboyGame/Saved/Config/Windows/Scalability.ini]
[2020.12.06-20.11.45:028][  0]LogConfig: Setting CVar [[r.MotionBlurQuality:4]]
[2020.12.06-20.11.45:028][  0]LogConfig: Setting CVar [[r.AmbientOcclusionMipLevelFactor:0.4]]
[2020.12.06-20.11.45:028][  0]LogConfig: Setting CVar [[r.AmbientOcclusionMaxQuality:100]]
[2020.12.06-20.11.45:028][  0]LogConfig: Setting CVar [[r.AmbientOcclusionLevels:-1]]
[2020.12.06-20.11.45:028][  0]LogConfig: Setting CVar [[r.AmbientOcclusionRadiusScale:1.0]]
[2020.12.06-20.11.45:028][  0]LogConfig: Setting CVar [[r.DepthOfFieldQuality:2]]
[2020.12.06-20.11.45:028][  0]LogConfig: Setting CVar [[r.RenderTargetPoolMin:400]]
[2020.12.06-20.11.45:028][  0]LogConfig: Setting CVar [[r.LensFlareQuality:2]]
[2020.12.06-20.11.45:028][  0]LogConfig: Setting CVar [[r.SceneColorFringeQuality:1]]
[2020.12.06-20.11.45:028][  0]LogConfig: Setting CVar [[r.EyeAdaptationQuality:2]]
[2020.12.06-20.11.45:028][  0]LogConfig: Setting CVar [[r.BloomQuality:5]]
[2020.12.06-20.11.45:028][  0]LogConfig: Setting CVar [[r.FastBlurThreshold:100]]
[2020.12.06-20.11.45:028][  0]LogConfig: Setting CVar [[r.Upscale.Quality:3]]
[2020.12.06-20.11.45:028][  0]LogConfig: Setting CVar [[r.Tonemapper.GrainQuantization:1]]
[2020.12.06-20.11.45:028][  0]LogConfig: Setting CVar [[r.LightShaftQuality:1]]
[2020.12.06-20.11.45:028][  0]LogConfig: Setting CVar [[r.Filter.SizeScale:1]]
[2020.12.06-20.11.45:028][  0]LogConfig: Setting CVar [[r.Tonemapper.Quality:5]]
[2020.12.06-20.11.45:028][  0]LogConfig: Setting CVar [[r.DOF.Gather.AccumulatorQuality:1        ; higher gathering accumulator quality]]
[2020.12.06-20.11.45:028][  0]LogConfig: Setting CVar [[r.DOF.Gather.PostfilterMethod:1          ; Median3x3 postfilering method]]
[2020.12.06-20.11.45:028][  0]LogConfig: Setting CVar [[r.DOF.Gather.EnableBokehSettings:0       ; no bokeh simulation when gathering]]
[2020.12.06-20.11.45:028][  0]LogConfig: Setting CVar [[r.DOF.Gather.RingCount:4                 ; medium number of samples when gathering]]
[2020.12.06-20.11.45:028][  0]LogConfig: Setting CVar [[r.DOF.Scatter.ForegroundCompositing:1    ; additive foreground scattering]]
[2020.12.06-20.11.45:028][  0]LogConfig: Setting CVar [[r.DOF.Scatter.BackgroundCompositing:2    ; additive background scattering]]
[2020.12.06-20.11.45:028][  0]LogConfig: Setting CVar [[r.DOF.Scatter.EnableBokehSettings:1      ; bokeh simulation when scattering]]
[2020.12.06-20.11.45:028][  0]LogConfig: Setting CVar [[r.DOF.Scatter.MaxSpriteRatio:0.1         ; only a maximum of 10% of scattered bokeh]]
[2020.12.06-20.11.45:028][  0]LogConfig: Setting CVar [[r.DOF.Recombine.Quality:1                ; cheap slight out of focus]]
[2020.12.06-20.11.45:028][  0]LogConfig: Setting CVar [[r.DOF.Recombine.EnableBokehSettings:0    ; no bokeh simulation on slight out of focus]]
[2020.12.06-20.11.45:028][  0]LogConfig: Setting CVar [[r.DOF.TemporalAAQuality:1                ; more stable temporal accumulation]]
[2020.12.06-20.11.45:028][  0]LogConfig: Setting CVar [[r.DOF.Kernel.MaxForegroundRadius:0.025]]
[2020.12.06-20.11.45:028][  0]LogConfig: Setting CVar [[r.DOF.Kernel.MaxBackgroundRadius:0.025]]
[2020.12.06-20.11.45:028][  0]LogConfig: Applying CVar settings from Section [TextureQuality@3] File [C:/Users/lukas/Documents/Unreal Projects/OnlineCowboyCompetitionGame/OnlineCowboyGame/Saved/Config/Windows/Scalability.ini]
[2020.12.06-20.11.45:028][  0]LogConfig: Setting CVar [[r.Streaming.MipBias:0]]
[2020.12.06-20.11.45:028][  0]LogConfig: Setting CVar [[r.Streaming.AmortizeCPUToGPUCopy:0]]
[2020.12.06-20.11.45:028][  0]LogConfig: Setting CVar [[r.Streaming.MaxNumTexturesToStreamPerFrame:0]]
[2020.12.06-20.11.45:028][  0]LogConfig: Setting CVar [[r.Streaming.Boost:1]]
[2020.12.06-20.11.45:028][  0]LogConfig: Setting CVar [[r.MaxAnisotropy:8]]
[2020.12.06-20.11.45:028][  0]LogConfig: Setting CVar [[r.VT.MaxAnisotropy:8]]
[2020.12.06-20.11.45:028][  0]LogConfig: Setting CVar [[r.Streaming.LimitPoolSizeToVRAM:0]]
[2020.12.06-20.11.45:028][  0]LogConfig: Setting CVar [[r.Streaming.PoolSize:1000]]
[2020.12.06-20.11.45:028][  0]LogConfig: Setting CVar [[r.Streaming.MaxEffectiveScreenSize:0]]
[2020.12.06-20.11.45:029][  0]LogConfig: Applying CVar settings from Section [EffectsQuality@3] File [C:/Users/lukas/Documents/Unreal Projects/OnlineCowboyCompetitionGame/OnlineCowboyGame/Saved/Config/Windows/Scalability.ini]
[2020.12.06-20.11.45:029][  0]LogConfig: Setting CVar [[r.TranslucencyLightingVolumeDim:64]]
[2020.12.06-20.11.45:029][  0]LogConfig: Setting CVar [[r.RefractionQuality:2]]
[2020.12.06-20.11.45:029][  0]LogConfig: Setting CVar [[r.SSR.Quality:3]]
[2020.12.06-20.11.45:029][  0]LogConfig: Setting CVar [[r.SSR.HalfResSceneColor:0]]
[2020.12.06-20.11.45:029][  0]LogConfig: Setting CVar [[r.SceneColorFormat:4]]
[2020.12.06-20.11.45:029][  0]LogConfig: Setting CVar [[r.DetailMode:2]]
[2020.12.06-20.11.45:029][  0]LogConfig: Setting CVar [[r.TranslucencyVolumeBlur:1]]
[2020.12.06-20.11.45:029][  0]LogConfig: Setting CVar [[r.MaterialQualityLevel:1 ; High quality]]
[2020.12.06-20.11.45:029][  0]LogConfig: Setting CVar [[r.SSS.Scale:1]]
[2020.12.06-20.11.45:029][  0]LogConfig: Setting CVar [[r.SSS.SampleSet:2]]
[2020.12.06-20.11.45:029][  0]LogConfig: Setting CVar [[r.SSS.Quality:1]]
[2020.12.06-20.11.45:029][  0]LogConfig: Setting CVar [[r.SSS.HalfRes:0]]
[2020.12.06-20.11.45:029][  0]LogConfig: Setting CVar [[r.SSGI.Quality:3]]
[2020.12.06-20.11.45:029][  0]LogConfig: Setting CVar [[r.EmitterSpawnRateScale:1.0]]
[2020.12.06-20.11.45:029][  0]LogConfig: Setting CVar [[r.ParticleLightQuality:2]]
[2020.12.06-20.11.45:029][  0]LogConfig: Setting CVar [[r.SkyAtmosphere.AerialPerspectiveLUT.FastApplyOnOpaque:1 ; Always have FastSkyLUT 1 in this case to avoid wrong sky]]
[2020.12.06-20.11.45:029][  0]LogConfig: Setting CVar [[r.SkyAtmosphere.AerialPerspectiveLUT.SampleCountPerSlice:1]]
[2020.12.06-20.11.45:029][  0]LogConfig: Setting CVar [[r.SkyAtmosphere.AerialPerspectiveLUT.DepthResolution:16.0]]
[2020.12.06-20.11.45:029][  0]LogConfig: Setting CVar [[r.SkyAtmosphere.FastSkyLUT:1]]
[2020.12.06-20.11.45:029][  0]LogConfig: Setting CVar [[r.SkyAtmosphere.FastSkyLUT.SampleCountMin:4.0]]
[2020.12.06-20.11.45:029][  0]LogConfig: Setting CVar [[r.SkyAtmosphere.FastSkyLUT.SampleCountMax:32.0]]
[2020.12.06-20.11.45:029][  0]LogConfig: Setting CVar [[r.SkyAtmosphere.SampleCountMin:4.0]]
[2020.12.06-20.11.45:029][  0]LogConfig: Setting CVar [[r.SkyAtmosphere.SampleCountMax:32.0]]
[2020.12.06-20.11.45:029][  0]LogConfig: Setting CVar [[r.SkyAtmosphere.TransmittanceLUT.UseSmallFormat:0]]
[2020.12.06-20.11.45:029][  0]LogConfig: Setting CVar [[r.SkyAtmosphere.TransmittanceLUT.SampleCount:10.0]]
[2020.12.06-20.11.45:029][  0]LogConfig: Setting CVar [[r.SkyAtmosphere.MultiScatteringLUT.SampleCount:15.0]]
[2020.12.06-20.11.45:029][  0]LogConfig: Applying CVar settings from Section [FoliageQuality@3] File [C:/Users/lukas/Documents/Unreal Projects/OnlineCowboyCompetitionGame/OnlineCowboyGame/Saved/Config/Windows/Scalability.ini]
[2020.12.06-20.11.45:029][  0]LogConfig: Setting CVar [[foliage.DensityScale:1.0]]
[2020.12.06-20.11.45:029][  0]LogConfig: Setting CVar [[grass.DensityScale:1.0]]
[2020.12.06-20.11.45:029][  0]LogConfig: Applying CVar settings from Section [ShadingQuality@3] File [C:/Users/lukas/Documents/Unreal Projects/OnlineCowboyCompetitionGame/OnlineCowboyGame/Saved/Config/Windows/Scalability.ini]
[2020.12.06-20.11.45:029][  0]LogConfig: Setting CVar [[r.HairStrands.SkyLighting.SampleCount:16]]
[2020.12.06-20.11.45:029][  0]LogConfig: Setting CVar [[r.HairStrands.SkyLighting.JitterIntegration:0]]
[2020.12.06-20.11.45:029][  0]LogConfig: Setting CVar [[r.HairStrands.SkyAO.SampleCount:16]]
[2020.12.06-20.11.45:029][  0]LogConfig: Setting CVar [[r.HairStrands.DeepShadow.SuperSampling:0]]
[2020.12.06-20.11.45:029][  0]LogConfig: Setting CVar [[r.HairStrands.VisibilityPPLL:0]]
[2020.12.06-20.11.45:029][  0]LogConfig: Setting CVar [[r.HairStrands.RasterizationScale:0.5]]
[2020.12.06-20.11.45:029][  0]LogConfig: Setting CVar [[r.HairStrands.VelocityRasterizationScale:1]]
[2020.12.06-20.11.45:029][  0]LogInit: Selected Device Profile: [Windows]
[2020.12.06-20.11.45:029][  0]LogInit: Applying CVar settings loaded from the selected device profile: [Windows]
[2020.12.06-20.11.45:029][  0]LogHAL: Display: Platform has ~ 8 GB [8463085568 / 8589934592 / 8], which maps to Default [LargestMinGB=32, LargerMinGB=12, DefaultMinGB=8, SmallerMinGB=6, SmallestMinGB=0)
[2020.12.06-20.11.45:029][  0]LogInit: Going up to parent DeviceProfile []
[2020.12.06-20.11.45:029][  0]LogConfig: Applying CVar settings from Section [ViewDistanceQuality@3] File [C:/Users/lukas/Documents/Unreal Projects/OnlineCowboyCompetitionGame/OnlineCowboyGame/Saved/Config/Windows/Scalability.ini]
[2020.12.06-20.11.45:029][  0]LogConfig: Setting CVar [[r.SkeletalMeshLODBias:0]]
[2020.12.06-20.11.45:029][  0]LogConfig: Setting CVar [[r.ViewDistanceScale:1.0]]
[2020.12.06-20.11.45:029][  0]LogConfig: Applying CVar settings from Section [AntiAliasingQuality@3] File [C:/Users/lukas/Documents/Unreal Projects/OnlineCowboyCompetitionGame/OnlineCowboyGame/Saved/Config/Windows/Scalability.ini]
[2020.12.06-20.11.45:029][  0]LogConfig: Setting CVar [[r.PostProcessAAQuality:4]]
[2020.12.06-20.11.45:029][  0]LogConfig: Applying CVar settings from Section [ShadowQuality@3] File [C:/Users/lukas/Documents/Unreal Projects/OnlineCowboyCompetitionGame/OnlineCowboyGame/Saved/Config/Windows/Scalability.ini]
[2020.12.06-20.11.45:029][  0]LogConfig: Setting CVar [[r.LightFunctionQuality:1]]
[2020.12.06-20.11.45:029][  0]LogConfig: Setting CVar [[r.ShadowQuality:5]]
[2020.12.06-20.11.45:029][  0]LogConfig: Setting CVar [[r.Shadow.CSM.MaxCascades:10]]
[2020.12.06-20.11.45:030][  0]LogConfig: Setting CVar [[r.Shadow.MaxResolution:2048]]
[2020.12.06-20.11.45:030][  0]LogConfig: Setting CVar [[r.Shadow.MaxCSMResolution:2048]]
[2020.12.06-20.11.45:030][  0]LogConfig: Setting CVar [[r.Shadow.RadiusThreshold:0.01]]
[2020.12.06-20.11.45:030][  0]LogConfig: Setting CVar [[r.Shadow.DistanceScale:1.0]]
[2020.12.06-20.11.45:030][  0]LogConfig: Setting CVar [[r.Shadow.CSM.TransitionScale:1.0]]
[2020.12.06-20.11.45:030][  0]LogConfig: Setting CVar [[r.Shadow.PreShadowResolutionFactor:1.0]]
[2020.12.06-20.11.45:030][  0]LogConfig: Setting CVar [[r.DistanceFieldShadowing:1]]
[2020.12.06-20.11.45:030][  0]LogConfig: Setting CVar [[r.DistanceFieldAO:1]]
[2020.12.06-20.11.45:030][  0]LogConfig: Setting CVar [[r.AOQuality:2]]
[2020.12.06-20.11.45:030][  0]LogConfig: Setting CVar [[r.VolumetricFog:1]]
[2020.12.06-20.11.45:030][  0]LogConfig: Setting CVar [[r.VolumetricFog.GridPixelSize:8]]
[2020.12.06-20.11.45:030][  0]LogConfig: Setting CVar [[r.VolumetricFog.GridSizeZ:128]]
[2020.12.06-20.11.45:030][  0]LogConfig: Setting CVar [[r.VolumetricFog.HistoryMissSupersampleCount:4]]
[2020.12.06-20.11.45:030][  0]LogConfig: Setting CVar [[r.LightMaxDrawDistanceScale:1]]
[2020.12.06-20.11.45:030][  0]LogConfig: Setting CVar [[r.CapsuleShadows:1]]
[2020.12.06-20.11.45:030][  0]LogConfig: Applying CVar settings from Section [PostProcessQuality@3] File [C:/Users/lukas/Documents/Unreal Projects/OnlineCowboyCompetitionGame/OnlineCowboyGame/Saved/Config/Windows/Scalability.ini]
[2020.12.06-20.11.45:030][  0]LogConfig: Setting CVar [[r.MotionBlurQuality:4]]
[2020.12.06-20.11.45:030][  0]LogConfig: Setting CVar [[r.AmbientOcclusionMipLevelFactor:0.4]]
[2020.12.06-20.11.45:030][  0]LogConfig: Setting CVar [[r.AmbientOcclusionMaxQuality:100]]
[2020.12.06-20.11.45:030][  0]LogConfig: Setting CVar [[r.AmbientOcclusionLevels:-1]]
[2020.12.06-20.11.45:030][  0]LogConfig: Setting CVar [[r.AmbientOcclusionRadiusScale:1.0]]
[2020.12.06-20.11.45:030][  0]LogConfig: Setting CVar [[r.DepthOfFieldQuality:2]]
[2020.12.06-20.11.45:030][  0]LogConfig: Setting CVar [[r.RenderTargetPoolMin:400]]
[2020.12.06-20.11.45:030][  0]LogConfig: Setting CVar [[r.LensFlareQuality:2]]
[2020.12.06-20.11.45:030][  0]LogConfig: Setting CVar [[r.SceneColorFringeQuality:1]]
[2020.12.06-20.11.45:030][  0]LogConfig: Setting CVar [[r.EyeAdaptationQuality:2]]
[2020.12.06-20.11.45:030][  0]LogConfig: Setting CVar [[r.BloomQuality:5]]
[2020.12.06-20.11.45:030][  0]LogConfig: Setting CVar [[r.FastBlurThreshold:100]]
[2020.12.06-20.11.45:030][  0]LogConfig: Setting CVar [[r.Upscale.Quality:3]]
[2020.12.06-20.11.45:030][  0]LogConfig: Setting CVar [[r.Tonemapper.GrainQuantization:1]]
[2020.12.06-20.11.45:030][  0]LogConfig: Setting CVar [[r.LightShaftQuality:1]]
[2020.12.06-20.11.45:030][  0]LogConfig: Setting CVar [[r.Filter.SizeScale:1]]
[2020.12.06-20.11.45:030][  0]LogConfig: Setting CVar [[r.Tonemapper.Quality:5]]
[2020.12.06-20.11.45:030][  0]LogConfig: Setting CVar [[r.DOF.Gather.AccumulatorQuality:1        ; higher gathering accumulator quality]]
[2020.12.06-20.11.45:030][  0]LogConfig: Setting CVar [[r.DOF.Gather.PostfilterMethod:1          ; Median3x3 postfilering method]]
[2020.12.06-20.11.45:030][  0]LogConfig: Setting CVar [[r.DOF.Gather.EnableBokehSettings:0       ; no bokeh simulation when gathering]]
[2020.12.06-20.11.45:030][  0]LogConfig: Setting CVar [[r.DOF.Gather.RingCount:4                 ; medium number of samples when gathering]]
[2020.12.06-20.11.45:030][  0]LogConfig: Setting CVar [[r.DOF.Scatter.ForegroundCompositing:1    ; additive foreground scattering]]
[2020.12.06-20.11.45:030][  0]LogConfig: Setting CVar [[r.DOF.Scatter.BackgroundCompositing:2    ; additive background scattering]]
[2020.12.06-20.11.45:030][  0]LogConfig: Setting CVar [[r.DOF.Scatter.EnableBokehSettings:1      ; bokeh simulation when scattering]]
[2020.12.06-20.11.45:030][  0]LogConfig: Setting CVar [[r.DOF.Scatter.MaxSpriteRatio:0.1         ; only a maximum of 10% of scattered bokeh]]
[2020.12.06-20.11.45:030][  0]LogConfig: Setting CVar [[r.DOF.Recombine.Quality:1                ; cheap slight out of focus]]
[2020.12.06-20.11.45:030][  0]LogConfig: Setting CVar [[r.DOF.Recombine.EnableBokehSettings:0    ; no bokeh simulation on slight out of focus]]
[2020.12.06-20.11.45:030][  0]LogConfig: Setting CVar [[r.DOF.TemporalAAQuality:1                ; more stable temporal accumulation]]
[2020.12.06-20.11.45:030][  0]LogConfig: Setting CVar [[r.DOF.Kernel.MaxForegroundRadius:0.025]]
[2020.12.06-20.11.45:030][  0]LogConfig: Setting CVar [[r.DOF.Kernel.MaxBackgroundRadius:0.025]]
[2020.12.06-20.11.45:030][  0]LogConfig: Applying CVar settings from Section [TextureQuality@3] File [C:/Users/lukas/Documents/Unreal Projects/OnlineCowboyCompetitionGame/OnlineCowboyGame/Saved/Config/Windows/Scalability.ini]
[2020.12.06-20.11.45:030][  0]LogConfig: Setting CVar [[r.Streaming.MipBias:0]]
[2020.12.06-20.11.45:030][  0]LogConfig: Setting CVar [[r.Streaming.AmortizeCPUToGPUCopy:0]]
[2020.12.06-20.11.45:030][  0]LogConfig: Setting CVar [[r.Streaming.MaxNumTexturesToStreamPerFrame:0]]
[2020.12.06-20.11.45:030][  0]LogConfig: Setting CVar [[r.Streaming.Boost:1]]
[2020.12.06-20.11.45:030][  0]LogConfig: Setting CVar [[r.MaxAnisotropy:8]]
[2020.12.06-20.11.45:030][  0]LogConfig: Setting CVar [[r.VT.MaxAnisotropy:8]]
[2020.12.06-20.11.45:030][  0]LogConfig: Setting CVar [[r.Streaming.LimitPoolSizeToVRAM:0]]
[2020.12.06-20.11.45:030][  0]LogConfig: Setting CVar [[r.Streaming.PoolSize:1000]]
[2020.12.06-20.11.45:030][  0]LogConfig: Setting CVar [[r.Streaming.MaxEffectiveScreenSize:0]]
[2020.12.06-20.11.45:030][  0]LogConfig: Applying CVar settings from Section [EffectsQuality@3] File [C:/Users/lukas/Documents/Unreal Projects/OnlineCowboyCompetitionGame/OnlineCowboyGame/Saved/Config/Windows/Scalability.ini]
[2020.12.06-20.11.45:031][  0]LogConfig: Setting CVar [[r.TranslucencyLightingVolumeDim:64]]
[2020.12.06-20.11.45:031][  0]LogConfig: Setting CVar [[r.RefractionQuality:2]]
[2020.12.06-20.11.45:031][  0]LogConfig: Setting CVar [[r.SSR.Quality:3]]
[2020.12.06-20.11.45:031][  0]LogConfig: Setting CVar [[r.SSR.HalfResSceneColor:0]]
[2020.12.06-20.11.45:031][  0]LogConfig: Setting CVar [[r.SceneColorFormat:4]]
[2020.12.06-20.11.45:031][  0]LogConfig: Setting CVar [[r.DetailMode:2]]
[2020.12.06-20.11.45:031][  0]LogConfig: Setting CVar [[r.TranslucencyVolumeBlur:1]]
[2020.12.06-20.11.45:031][  0]LogConfig: Setting CVar [[r.MaterialQualityLevel:1 ; High quality]]
[2020.12.06-20.11.45:031][  0]LogConfig: Setting CVar [[r.SSS.Scale:1]]
[2020.12.06-20.11.45:031][  0]LogConfig: Setting CVar [[r.SSS.SampleSet:2]]
[2020.12.06-20.11.45:031][  0]LogConfig: Setting CVar [[r.SSS.Quality:1]]
[2020.12.06-20.11.45:031][  0]LogConfig: Setting CVar [[r.SSS.HalfRes:0]]
[2020.12.06-20.11.45:031][  0]LogConfig: Setting CVar [[r.SSGI.Quality:3]]
[2020.12.06-20.11.45:031][  0]LogConfig: Setting CVar [[r.EmitterSpawnRateScale:1.0]]
[2020.12.06-20.11.45:031][  0]LogConfig: Setting CVar [[r.ParticleLightQuality:2]]
[2020.12.06-20.11.45:031][  0]LogConfig: Setting CVar [[r.SkyAtmosphere.AerialPerspectiveLUT.FastApplyOnOpaque:1 ; Always have FastSkyLUT 1 in this case to avoid wrong sky]]
[2020.12.06-20.11.45:031][  0]LogConfig: Setting CVar [[r.SkyAtmosphere.AerialPerspectiveLUT.SampleCountPerSlice:1]]
[2020.12.06-20.11.45:031][  0]LogConfig: Setting CVar [[r.SkyAtmosphere.AerialPerspectiveLUT.DepthResolution:16.0]]
[2020.12.06-20.11.45:031][  0]LogConfig: Setting CVar [[r.SkyAtmosphere.FastSkyLUT:1]]
[2020.12.06-20.11.45:031][  0]LogConfig: Setting CVar [[r.SkyAtmosphere.FastSkyLUT.SampleCountMin:4.0]]
[2020.12.06-20.11.45:031][  0]LogConfig: Setting CVar [[r.SkyAtmosphere.FastSkyLUT.SampleCountMax:32.0]]
[2020.12.06-20.11.45:031][  0]LogConfig: Setting CVar [[r.SkyAtmosphere.SampleCountMin:4.0]]
[2020.12.06-20.11.45:031][  0]LogConfig: Setting CVar [[r.SkyAtmosphere.SampleCountMax:32.0]]
[2020.12.06-20.11.45:031][  0]LogConfig: Setting CVar [[r.SkyAtmosphere.TransmittanceLUT.UseSmallFormat:0]]
[2020.12.06-20.11.45:031][  0]LogConfig: Setting CVar [[r.SkyAtmosphere.TransmittanceLUT.SampleCount:10.0]]
[2020.12.06-20.11.45:031][  0]LogConfig: Setting CVar [[r.SkyAtmosphere.MultiScatteringLUT.SampleCount:15.0]]
[2020.12.06-20.11.45:031][  0]LogConfig: Applying CVar settings from Section [FoliageQuality@3] File [C:/Users/lukas/Documents/Unreal Projects/OnlineCowboyCompetitionGame/OnlineCowboyGame/Saved/Config/Windows/Scalability.ini]
[2020.12.06-20.11.45:031][  0]LogConfig: Setting CVar [[foliage.DensityScale:1.0]]
[2020.12.06-20.11.45:031][  0]LogConfig: Setting CVar [[grass.DensityScale:1.0]]
[2020.12.06-20.11.45:031][  0]LogConfig: Applying CVar settings from Section [ShadingQuality@3] File [C:/Users/lukas/Documents/Unreal Projects/OnlineCowboyCompetitionGame/OnlineCowboyGame/Saved/Config/Windows/Scalability.ini]
[2020.12.06-20.11.45:031][  0]LogConfig: Setting CVar [[r.HairStrands.SkyLighting.SampleCount:16]]
[2020.12.06-20.11.45:031][  0]LogConfig: Setting CVar [[r.HairStrands.SkyLighting.JitterIntegration:0]]
[2020.12.06-20.11.45:031][  0]LogConfig: Setting CVar [[r.HairStrands.SkyAO.SampleCount:16]]
[2020.12.06-20.11.45:031][  0]LogConfig: Setting CVar [[r.HairStrands.DeepShadow.SuperSampling:0]]
[2020.12.06-20.11.45:031][  0]LogConfig: Setting CVar [[r.HairStrands.VisibilityPPLL:0]]
[2020.12.06-20.11.45:031][  0]LogConfig: Setting CVar [[r.HairStrands.RasterizationScale:0.5]]
[2020.12.06-20.11.45:031][  0]LogConfig: Setting CVar [[r.HairStrands.VelocityRasterizationScale:1]]
[2020.12.06-20.11.45:031][  0]LogConfig: Applying CVar settings from Section [Startup] File [../../../Engine/Config/ConsoleVariables.ini]
[2020.12.06-20.11.45:031][  0]LogConfig: Setting CVar [[net.UseAdaptiveNetUpdateFrequency:0]]
[2020.12.06-20.11.45:032][  0]LogConfig: Setting CVar [[p.chaos.AllowCreatePhysxBodies:1]]
[2020.12.06-20.11.45:032][  0]LogConfig: Setting CVar [[fx.SkipVectorVMBackendOptimizations:1]]
[2020.12.06-20.11.45:032][  0]LogConfig: Applying CVar settings from Section [ConsoleVariables] File [C:/Users/lukas/Documents/Unreal Projects/OnlineCowboyCompetitionGame/OnlineCowboyGame/Saved/Config/Windows/Engine.ini]
[2020.12.06-20.11.45:032][  0]LogInit: Computer: DESKTOP-4K56MF1
[2020.12.06-20.11.45:032][  0]LogInit: User: lukas
[2020.12.06-20.11.45:032][  0]LogInit: CPU Page size=4096, Cores=4
[2020.12.06-20.11.45:032][  0]LogInit: High frequency timer resolution =10.000000 MHz
[2020.12.06-20.11.45:032][  0]LogMemory: Memory total: Physical=7.9GB (8GB approx)
[2020.12.06-20.11.45:032][  0]LogMemory: Platform Memory Stats for Windows
[2020.12.06-20.11.45:032][  0]LogMemory: Process Physical Memory: 115.45 MB used, 115.45 MB peak
[2020.12.06-20.11.45:032][  0]LogMemory: Process Virtual Memory: 100.24 MB used, 100.24 MB peak
[2020.12.06-20.11.45:032][  0]LogMemory: Physical Memory: 5045.76 MB used,  3025.27 MB free, 8071.03 MB total
[2020.12.06-20.11.45:032][  0]LogMemory: Virtual Memory: 5133.56 MB used,  134212592.00 MB free, 134217728.00 MB total
[2020.12.06-20.11.45:040][  0]LogWindows: WindowsPlatformFeatures enabled
[2020.12.06-20.11.45:118][  0]LogInit: Physics initialised using underlying interface: PhysX
[2020.12.06-20.11.45:120][  0]LogInit: Using OS detected language (pl-PL).
[2020.12.06-20.11.45:120][  0]LogInit: Using OS detected locale (pl-PL).
[2020.12.06-20.11.45:124][  0]LogTextLocalizationManager: No specific localization for 'pl-PL' exists, so the 'pl' localization will be used.
[2020.12.06-20.11.45:125][  0]LogTextLocalizationResource: LocRes '../../../Engine/Content/Localization/Editor/pl/Editor.locres' could not be opened for reading!
[2020.12.06-20.11.45:125][  0]LogTextLocalizationResource: LocRes '../../../Engine/Content/Localization/EditorTutorials/pl/EditorTutorials.locres' could not be opened for reading!
[2020.12.06-20.11.45:125][  0]LogTextLocalizationResource: LocRes '../../../Engine/Content/Localization/Keywords/pl/Keywords.locres' could not be opened for reading!
[2020.12.06-20.11.45:125][  0]LogTextLocalizationResource: LocRes '../../../Engine/Content/Localization/Category/pl/Category.locres' could not be opened for reading!
[2020.12.06-20.11.45:125][  0]LogTextLocalizationResource: LocRes '../../../Engine/Content/Localization/ToolTips/pl/ToolTips.locres' could not be opened for reading!
[2020.12.06-20.11.45:125][  0]LogTextLocalizationResource: LocRes '../../../Engine/Content/Localization/PropertyNames/pl/PropertyNames.locres' could not be opened for reading!
[2020.12.06-20.11.45:126][  0]LogTextLocalizationResource: LocRes '../../../Engine/Content/Localization/Engine/pl/Engine.locres' could not be opened for reading!
[2020.12.06-20.11.45:127][  0]LogInit: Setting process to per monitor DPI aware
[2020.12.06-20.11.45:192][  0]LogSlate: New Slate User Created.  User Index 0, Is Virtual User: 0
[2020.12.06-20.11.45:192][  0]LogSlate: Slate User Registered.  User Index 0, Is Virtual User: 0
[2020.12.06-20.11.45:504][  0]LogHMD: Failed to initialize OpenVR with code 110
[2020.12.06-20.11.45:504][  0]LogD3D11RHI: D3D11 min allowed feature level: 11_0
[2020.12.06-20.11.45:504][  0]LogD3D11RHI: D3D11 max allowed feature level: 11_0
[2020.12.06-20.11.45:504][  0]LogD3D11RHI: D3D11 adapters:
[2020.12.06-20.11.45:675][  0]LogD3D11RHI:    0. 'NVIDIA GeForce GTX 660' (Feature Level 11_0)
[2020.12.06-20.11.45:675][  0]LogD3D11RHI:       1998/0/4035 MB DedicatedVideo/DedicatedSystem/SharedSystem, Outputs:2, VendorId:0x10de
[2020.12.06-20.11.45:726][  0]LogD3D11RHI:    1. 'Intel(R) HD Graphics 4000' (Feature Level 11_0)
[2020.12.06-20.11.45:726][  0]LogD3D11RHI:       32/0/1760 MB DedicatedVideo/DedicatedSystem/SharedSystem, Outputs:0, VendorId:0x8086
[2020.12.06-20.11.45:747][  0]LogD3D11RHI:    2. 'Microsoft Basic Render Driver' (Feature Level 11_0)
[2020.12.06-20.11.45:747][  0]LogD3D11RHI:       0/0/4035 MB DedicatedVideo/DedicatedSystem/SharedSystem, Outputs:0, VendorId:0x1414
[2020.12.06-20.11.45:747][  0]LogD3D11RHI: Chosen D3D11 Adapter: 0
[2020.12.06-20.11.45:755][  0]LogD3D11RHI: Creating new Direct3DDevice
[2020.12.06-20.11.45:755][  0]LogD3D11RHI:     GPU DeviceId: 0x11c0 (for the marketing name, search the web for "GPU Device Id")
[2020.12.06-20.11.45:755][  0]LogWindows: EnumDisplayDevices:
[2020.12.06-20.11.45:755][  0]LogWindows:    0. 'NVIDIA GeForce GTX 660' (P:1 D:1)
[2020.12.06-20.11.45:756][  0]LogWindows:    1. 'NVIDIA GeForce GTX 660' (P:0 D:1)
[2020.12.06-20.11.45:756][  0]LogWindows:    2. 'NVIDIA GeForce GTX 660' (P:0 D:0)
[2020.12.06-20.11.45:756][  0]LogWindows:    3. 'NVIDIA GeForce GTX 660' (P:0 D:0)
[2020.12.06-20.11.45:756][  0]LogWindows:    4. 'Intel(R) HD Graphics 4000' (P:0 D:0)
[2020.12.06-20.11.45:757][  0]LogWindows:    5. 'Intel(R) HD Graphics 4000' (P:0 D:0)
[2020.12.06-20.11.45:757][  0]LogWindows:    6. 'Intel(R) HD Graphics 4000' (P:0 D:0)
[2020.12.06-20.11.45:757][  0]LogWindows: DebugString: PrimaryIsNotTheChoosenAdapter PrimaryIsNotTheChoosenAdapter PrimaryIsNotTheChoosenAdapter FoundDriverCount:4 
[2020.12.06-20.11.45:757][  0]LogD3D11RHI:     Adapter Name: NVIDIA GeForce GTX 660
[2020.12.06-20.11.45:757][  0]LogD3D11RHI:   Driver Version: 456.71 (internal:27.21.14.5671, unified:456.71)
[2020.12.06-20.11.45:757][  0]LogD3D11RHI:      Driver Date: 9-30-2020
[2020.12.06-20.11.45:757][  0]LogRHI: Texture pool is 1398 MB (70% of 1998 MB)
[2020.12.06-20.11.45:826][  0]LogD3D11RHI: RHI does not have support for 64 bit atomics
[2020.12.06-20.11.45:828][  0]LogD3D11RHI: [Aftermath] Enabled and primed
[2020.12.06-20.11.45:828][  0]LogD3D11RHI: Async texture creation enabled
[2020.12.06-20.11.45:898][  0]LogD3D11RHI: GPU Timing Frequency: 1000.000000 (Debug: 2 1)
[2020.12.06-20.11.46:390][  0]LogTargetPlatformManager: Display: Loaded TargetPlatform 'AllDesktop'
[2020.12.06-20.11.46:418][  0]LogTargetPlatformManager: Display: Loaded TargetPlatform 'Android'
[2020.12.06-20.11.46:419][  0]LogTargetPlatformManager: Display: Loaded TargetPlatform 'Android_ASTC'
[2020.12.06-20.11.46:419][  0]LogTargetPlatformManager: Display: Loaded TargetPlatform 'Android_DXT'
[2020.12.06-20.11.46:419][  0]LogTargetPlatformManager: Display: Loaded TargetPlatform 'Android_ETC2'
[2020.12.06-20.11.46:419][  0]LogTargetPlatformManager: Display: Loaded TargetPlatform 'AndroidClient'
[2020.12.06-20.11.46:419][  0]LogTargetPlatformManager: Display: Loaded TargetPlatform 'Android_ASTCClient'
[2020.12.06-20.11.46:419][  0]LogTargetPlatformManager: Display: Loaded TargetPlatform 'Android_DXTClient'
[2020.12.06-20.11.46:419][  0]LogTargetPlatformManager: Display: Loaded TargetPlatform 'Android_ETC2Client'
[2020.12.06-20.11.46:419][  0]LogTargetPlatformManager: Display: Loaded TargetPlatform 'Android_Multi'
[2020.12.06-20.11.46:419][  0]LogTargetPlatformManager: Display: Loaded TargetPlatform 'Android_MultiClient'
[2020.12.06-20.11.46:451][  0]LogTargetPlatformManager: Display: Loaded TargetPlatform 'IOSClient'
[2020.12.06-20.11.46:451][  0]LogTargetPlatformManager: Display: Loaded TargetPlatform 'IOS'
[2020.12.06-20.11.46:466][  0]LogTargetPlatformManager: Display: Loaded TargetPlatform 'Linux'
[2020.12.06-20.11.46:479][  0]LogTargetPlatformManager: Display: Loaded TargetPlatform 'LinuxNoEditor'
[2020.12.06-20.11.46:492][  0]LogTargetPlatformManager: Display: Loaded TargetPlatform 'LinuxClient'
[2020.12.06-20.11.46:505][  0]LogTargetPlatformManager: Display: Loaded TargetPlatform 'LinuxServer'
[2020.12.06-20.11.46:518][  0]LogTargetPlatformManager: Display: Loaded TargetPlatform 'LinuxAArch64NoEditor'
[2020.12.06-20.11.46:531][  0]LogTargetPlatformManager: Display: Loaded TargetPlatform 'LinuxAArch64Client'
[2020.12.06-20.11.46:544][  0]LogTargetPlatformManager: Display: Loaded TargetPlatform 'LinuxAArch64Server'
[2020.12.06-20.11.46:583][  0]LogTargetPlatformManager: Display: Loaded TargetPlatform 'Lumin'
[2020.12.06-20.11.46:583][  0]LogTargetPlatformManager: Display: Loaded TargetPlatform 'LuminClient'
[2020.12.06-20.11.46:607][  0]LogTargetPlatformManager: Display: Loaded TargetPlatform 'TVOSClient'
[2020.12.06-20.11.46:607][  0]LogTargetPlatformManager: Display: Loaded TargetPlatform 'TVOS'
[2020.12.06-20.11.46:620][  0]LogTargetPlatformManager: Display: Loaded TargetPlatform 'WindowsNoEditor'
[2020.12.06-20.11.46:635][  0]LogTargetPlatformManager: Display: Loaded TargetPlatform 'Windows'
[2020.12.06-20.11.46:648][  0]LogTargetPlatformManager: Display: Loaded TargetPlatform 'WindowsClient'
[2020.12.06-20.11.46:661][  0]LogTargetPlatformManager: Display: Loaded TargetPlatform 'WindowsServer'
[2020.12.06-20.11.46:661][  0]LogTargetPlatformManager: Display: Building Assets For Windows
[2020.12.06-20.11.46:675][  0]LogAudioDebug: Display: Lib vorbis DLL was dynamically loaded.
[2020.12.06-20.11.46:772][  0]LogShaderCompilers: Guid format shader working directory is -55 characters bigger than the processId version (../../../../../../Users/lukas/Documents/Unreal Projects/OnlineCowboyCompetitionGame/OnlineCowboyGame/Intermediate/Shaders/WorkingDirectory/14480/).
[2020.12.06-20.11.46:772][  0]LogShaderCompilers: Cleaned the shader compiler working directory 'C:/Users/lukas/AppData/Local/Temp/UnrealShaderWorkingDir/6A34A1C44C7E25D4E3358BABB5355D74/'.
[2020.12.06-20.11.46:774][  0]LogXGEController: Cleaning working directory: C:/Users/lukas/AppData/Local/Temp/UnrealXGEWorkingDir/
[2020.12.06-20.11.46:774][  0]LogXGEController: Cannot use XGE Controller as Incredibuild is not installed on this machine.
[2020.12.06-20.11.46:774][  0]LogShaderCompilers: Cannot use XGE Shader Compiler as Incredibuild is not installed on this machine.
[2020.12.06-20.11.46:774][  0]LogShaderCompilers: Display: Using Local Shader Compiler.
[2020.12.06-20.11.47:896][  0]LogDerivedDataCache: Display: Max Cache Size: 512 MB
[2020.12.06-20.11.48:115][  0]LogDerivedDataCache: Loaded boot cache 0.22s 81MB C:/Users/lukas/AppData/Local/UnrealEngine/4.25/DerivedDataCache/Boot.ddc.
[2020.12.06-20.11.48:115][  0]LogDerivedDataCache: Display: Loaded Boot cache: C:/Users/lukas/AppData/Local/UnrealEngine/4.25/DerivedDataCache/Boot.ddc
[2020.12.06-20.11.48:115][  0]LogDerivedDataCache: FDerivedDataBackendGraph:  Pak pak cache file ../../../../../../Users/lukas/Documents/Unreal Projects/OnlineCowboyCompetitionGame/OnlineCowboyGame/DerivedDataCache/DDC.ddp not found, will not use a pak cache.
[2020.12.06-20.11.48:116][  0]LogDerivedDataCache: Unable to find inner node Pak for hierarchical cache Hierarchy.
[2020.12.06-20.11.48:116][  0]LogDerivedDataCache: FDerivedDataBackendGraph:  CompressedPak pak cache file ../../../../../../Users/lukas/Documents/Unreal Projects/OnlineCowboyCompetitionGame/OnlineCowboyGame/DerivedDataCache/Compressed.ddp not found, will not use a pak cache.
[2020.12.06-20.11.48:116][  0]LogDerivedDataCache: Unable to find inner node CompressedPak for hierarchical cache Hierarchy.
[2020.12.06-20.11.48:128][  0]LogDerivedDataCache: Display: Pak cache opened for reading ../../../Engine/DerivedDataCache/Compressed.ddp.
[2020.12.06-20.11.48:128][  0]LogDerivedDataCache: FDerivedDataBackendGraph:  EnterprisePak pak cache file ../../../Enterprise/DerivedDataCache/Compressed.ddp not found, will not use a pak cache.
[2020.12.06-20.11.48:128][  0]LogDerivedDataCache: Unable to find inner node EnterprisePak for hierarchical cache Hierarchy.
[2020.12.06-20.11.48:130][  0]LogDerivedDataCache: Using Local data cache path C:/Users/lukas/AppData/Local/UnrealEngine/Common/DerivedDataCache: Writable
[2020.12.06-20.11.48:130][  0]LogDerivedDataCache: Shared data cache path not found in *engine.ini, will not use an Shared cache.
[2020.12.06-20.11.48:130][  0]LogDerivedDataCache: Unable to find inner node Shared for hierarchical cache Hierarchy.
[2020.12.06-20.11.48:199][  0]LogSlate: Using FreeType 2.10.0
[2020.12.06-20.11.48:200][  0]LogSlate: SlateFontServices - WITH_FREETYPE: 1, WITH_HARFBUZZ: 1
[2020.12.06-20.11.48:258][  0]LogAssetRegistry: FAssetRegistry took 0.0036 seconds to start up
[2020.12.06-20.11.48:591][  0]LogInit: Selected Device Profile: [Windows]
[2020.12.06-20.11.48:849][  0]LogMeshReduction: Using QuadricMeshReduction for automatic static mesh reduction
[2020.12.06-20.11.48:849][  0]LogMeshReduction: Using SimplygonMeshReduction for automatic skeletal mesh reduction
[2020.12.06-20.11.48:849][  0]LogMeshReduction: Using ProxyLODMeshReduction for automatic mesh merging
[2020.12.06-20.11.48:849][  0]LogMeshReduction: No distributed automatic mesh merging module available
[2020.12.06-20.11.48:850][  0]LogMeshMerging: No distributed automatic mesh merging module available
[2020.12.06-20.11.48:945][  0]LogNetVersion: OnlineCowboyGame 1.0.0, NetCL: 13144385, EngineNetVer: 14, GameNetVer: 0 (Checksum: 3639153671)
[2020.12.06-20.11.50:384][  0]LogAISub: UAISubsystem::UAISubsystem AISubsystem (000001D3012F5500), frame # 0
[2020.12.06-20.11.50:384][  0]LogAISub: UAISubsystem::UAISubsystem AIPerceptionSystem (000001D3011A1E40), frame # 0
[2020.12.06-20.11.50:386][  0]LogAISub: UAISubsystem::UAISubsystem EnvQueryManager (000001D3011D2E00), frame # 0
[2020.12.06-20.11.50:484][  0]LogPackageLocalizationCache: Processed 19 localized package path(s) for 1 prioritized culture(s) in 0.082495 seconds
[2020.12.06-20.11.50:492][  0]LogUObjectArray: 15917 objects as part of root set at end of initial load.
[2020.12.06-20.11.50:495][  0]LogUObjectAllocator: 3965568 out of 0 bytes used by permanent object pool.
[2020.12.06-20.11.50:495][  0]LogUObjectArray: CloseDisregardForGC: 0/0 objects in disregard for GC pool
[2020.12.06-20.11.51:740][  0]LogTcpMessaging: Initializing TcpMessaging bridge
[2020.12.06-20.11.51:751][  0]LogUdpMessaging: Initializing bridge on interface 0.0.0.0:0 to multicast group 230.0.0.1:6666.
[2020.12.06-20.11.53:399][  0]LogTemp: Warning: ACowboyCharacter()
[2020.12.06-20.11.53:399][  0]LogTemp: Warning: UTPPAimingComponent()
[2020.12.06-20.11.53:399][  0]LogTemp: Warning: UTPPAimingComponent()
[2020.12.06-20.11.53:399][  0]LogTemp: Warning: UTPPAimingComponent::Setup
[2020.12.06-20.11.53:399][  0]LogTemp: Warning: UFPPAimingComponent()
[2020.12.06-20.11.53:399][  0]LogTemp: Warning: UFPPAimingComponent()
[2020.12.06-20.11.53:399][  0]LogTemp: Warning: UFPPAimingComponent::Setup
[2020.12.06-20.11.53:399][  0]LogTemp: Warning: UViewComponent()
[2020.12.06-20.11.53:399][  0]LogTemp: Warning: UViewComponent()
[2020.12.06-20.11.53:399][  0]LogTemp: Warning: UViewComponent::Setup(Owner: 402b400, TPPAimingComp: 4026100, TPPMesh: 4032080)
[2020.12.06-20.11.53:400][  0]LogTemp: Warning: UCowboyMovement()
[2020.12.06-20.11.53:400][  0]LogTemp: Warning: UCowboyMovement()
[2020.12.06-20.11.53:400][  0]LogTemp: Warning: UCowboyMovement::Setup
[2020.12.06-20.11.53:400][  0]LogTemp: Warning: UMovementReplicator()
[2020.12.06-20.11.53:400][  0]LogTemp: Warning: UMovementReplicator()
[2020.12.06-20.11.53:400][  0]LogTemp: Warning: UMovementReplicator::Setup
[2020.12.06-20.11.53:400][  0]LogTemp: Warning: Server ACowboyPlayerController()
[2020.12.06-20.11.53:554][  0]LogLinker: Warning: Failed to load '/Game/VehicleCPP/VehicleOverview': Can't find file.
[2020.12.06-20.11.53:554][  0]LogLinker: Warning: Failed to load '/Game/VehicleCPP/VehicleOverview': Can't find file.
[2020.12.06-20.11.53:554][  0]LogUObjectGlobals: Warning: Failed to find object 'Class /Game/VehicleCPP/VehicleOverview.VehicleOverview_C'
[2020.12.06-20.11.53:639][  0]SourceControl: Source control is disabled
[2020.12.06-20.11.53:639][  0]SourceControl: Source control is disabled
[2020.12.06-20.11.53:678][  0]SourceControl: Source control is disabled
[2020.12.06-20.11.53:688][  0]SourceControl: Source control is disabled
[2020.12.06-20.11.53:705][  0]SourceControl: Source control is disabled
[2020.12.06-20.11.54:384][  0]LogAndroidPermission: UAndroidPermissionCallbackProxy::GetInstance
[2020.12.06-20.11.54:421][  0]LogAudioCaptureCore: Display: No Audio Capture implementations found. Audio input will be silent.
[2020.12.06-20.11.54:421][  0]LogAudioCaptureCore: Display: No Audio Capture implementations found. Audio input will be silent.
[2020.12.06-20.11.54:526][  0]LogOcInput: OculusInput pre-init called
[2020.12.06-20.11.54:551][  0]LogWindows: Failed to load 'OVRPlugin.dll' (GetLastError=126)
[2020.12.06-20.11.54:551][  0]LogWindows: File 'OVRPlugin.dll' does not exist
[2020.12.06-20.11.54:765][  0]LogEngine: Initializing Engine...
[2020.12.06-20.11.54:770][  0]LogHMD: Failed to initialize OpenVR with code 110
[2020.12.06-20.11.54:770][  0]LogMagicLeap: Warning: VR disabled because ZI is not enabled.  To enable, in the editor, Edit -> Project Settings -> Plugins -> Magic Leap Plugin -> Enable Zero Iteration
[2020.12.06-20.11.54:773][  0]LogStats: UGameplayTagsManager::InitializeManager -  0.001 s
[2020.12.06-20.11.54:968][  0]LogInit: Initializing FReadOnlyCVARCache
[2020.12.06-20.11.55:013][  0]LogAIModule: Creating AISystem for world Untitled
[2020.12.06-20.11.55:013][  0]LogAISub: UAISubsystem::UAISubsystem EnvQueryManager (000001D30A435E00), frame # 0
[2020.12.06-20.11.55:013][  0]LogAISub: UAISubsystem::UAISubsystem AIPerceptionSystem (000001D30A462840), frame # 0
[2020.12.06-20.11.55:050][  0]LogAudioMixer: Display: Audio Mixer Platform Settings:
[2020.12.06-20.11.55:050][  0]LogAudioMixer: Display: 	Sample Rate:						  48000
[2020.12.06-20.11.55:050][  0]LogAudioMixer: Display: 	Callback Buffer Frame Size Requested: 1024
[2020.12.06-20.11.55:050][  0]LogAudioMixer: Display: 	Callback Buffer Frame Size To Use:	  1024
[2020.12.06-20.11.55:050][  0]LogAudioMixer: Display: 	Number of buffers to queue:			  2
[2020.12.06-20.11.55:050][  0]LogAudioMixer: Display: 	Max Channels (voices):				  32
[2020.12.06-20.11.55:050][  0]LogAudioMixer: Display: 	Number of Async Source Workers:		  0
[2020.12.06-20.11.55:050][  0]LogAudio: Display: AudioDevice MaxSources: 32
[2020.12.06-20.11.55:053][  0]LogAudio: Display: Using built-in audio occlusion.
[2020.12.06-20.11.55:054][  0]LogAudioMixer: Display: Initializing audio mixer.
[2020.12.06-20.11.55:094][  0]LogAudioMixer: Display: 0: FrontLeft
[2020.12.06-20.11.55:094][  0]LogAudioMixer: Display: 1: FrontRight
[2020.12.06-20.11.55:160][  0]LogAudioMixer: Display: Using Audio Device Głośniki (ASUS Xonar DG Audio Device)
[2020.12.06-20.11.55:163][  0]LogAudioMixer: Display: Initializing Sound Submixes...
[2020.12.06-20.11.55:166][  0]LogAudioMixer: Display: Creating Master Submix 'MasterSubmixDefault'
[2020.12.06-20.11.55:167][  0]LogAudioMixer: Display: Creating Master Submix 'MasterReverbSubmixDefault'
[2020.12.06-20.11.55:168][  0]LogAudioMixer: Display: Creating Master Submix 'MasterEQSubmixDefault'
[2020.12.06-20.11.55:169][  0]LogInit: FAudioDevice initialized.
[2020.12.06-20.11.55:171][  0]LogNetVersion: Set ProjectVersion to 1.0.0.0. Version Checksum will be recalculated on next use.
[2020.12.06-20.11.55:251][  0]LogDerivedDataCache: Saved boot cache 0.08s 81MB C:/Users/lukas/AppData/Local/UnrealEngine/4.25/DerivedDataCache/Boot.ddc.
[2020.12.06-20.11.55:256][  0]LogInit: Texture streaming: Enabled
[2020.12.06-20.11.55:288][  0]LogEngineSessionManager: EngineSessionManager initialized
[2020.12.06-20.11.55:288][  0]LogEngineSessionManager: EngineSessionManager sent abnormal shutdown report. Type=Crashed, SessionId={459A85B3-4F4E-673E-2D5E-CB99E795AC84}
[2020.12.06-20.11.55:288][  0]LogEditorSessionSummary: Verbose: Initializing EditorSessionSummaryWriter for editor session tracking
[2020.12.06-20.11.55:291][  0]LogEditorSessionSummary: EditorSessionSummaryWriter initialized
[2020.12.06-20.11.55:419][  0]LogInit: Transaction tracking system initialized
[2020.12.06-20.11.55:479][  0]BlueprintLog: New page: Editor Load
[2020.12.06-20.11.55:705][  0]LocalizationService: Localization service is disabled
[2020.12.06-20.11.56:066][  0]LogCook: Display: Max memory allowance for cook 16384mb min free memory 0mb
[2020.12.06-20.11.56:066][  0]LogCook: Display: Mobile HDR setting 1
[2020.12.06-20.11.56:401][  0]LogFileCache: Scanning file cache for directory 'C:/Users/lukas/Documents/Unreal Projects/OnlineCowboyCompetitionGame/OnlineCowboyGame/Content/' took 0.01s
[2020.12.06-20.11.56:761][  0]SourceControl: Source control is disabled
[2020.12.06-20.11.56:761][  0]LogUnrealEdMisc: Loading editor; pre map load, took 14.085
[2020.12.06-20.11.56:763][  0]Cmd: MAP LOAD FILE="../../../../../../Users/lukas/Documents/Unreal Projects/OnlineCowboyCompetitionGame/OnlineCowboyGame/Content/Level/TestLevel.umap" TEMPLATE=0 SHOWPROGRESS=1 FEATURELEVEL=3
[2020.12.06-20.11.56:765][  0]LightingResults: New page: Lighting Build
[2020.12.06-20.11.56:773][  0]LogWorld: UWorld::CleanupWorld for Untitled, bSessionEnded=true, bCleanupResources=true
[2020.12.06-20.11.56:774][  0]LogSlate: InvalidateAllWidgets triggered.  All widgets were invalidated
[2020.12.06-20.11.56:775][  0]MapCheck: New page: Map Check
[2020.12.06-20.11.56:775][  0]LightingResults: New page: Lighting Build
[2020.12.06-20.11.56:803][  0]LogAISub: UAISubsystem::~UAISubsystem EnvQueryManager (000001D30A435E00), frame # 0
[2020.12.06-20.11.56:803][  0]LogAISub: UAISubsystem::~UAISubsystem AIPerceptionSystem (000001D30A462840), frame # 0
[2020.12.06-20.11.56:805][  0]LogUObjectHash: Compacting FUObjectHashTables data took   0.91ms
[2020.12.06-20.11.56:982][  0]LogAIModule: Creating AISystem for world TestLevel
[2020.12.06-20.11.56:982][  0]LogAISub: UAISubsystem::UAISubsystem EnvQueryManager (000001D30A9DBE00), frame # 0
[2020.12.06-20.11.56:982][  0]LogAISub: UAISubsystem::UAISubsystem AIPerceptionSystem (000001D30ACA74C0), frame # 0
[2020.12.06-20.11.57:013][  0]LogEditorServer: Finished looking for orphan Actors (0.000 secs)
[2020.12.06-20.11.57:036][  0]LogUObjectHash: Compacting FUObjectHashTables data took   0.92ms
[2020.12.06-20.11.57:037][  0]Cmd: MAP CHECKDEP NOCLEARLOG
[2020.12.06-20.11.57:039][  0]MapCheck: Map check complete: 0 Error(s), 0 Warning(s), took 0,893ms to complete.
[2020.12.06-20.11.57:039][  0]LogFileHelpers: Loading map 'TestLevel' took 0.277
[2020.12.06-20.11.57:084][  0]LogUnrealEdMisc: Total Editor Startup Time, took 14.407
[2020.12.06-20.11.57:297][  0]LogSlate: Updating window title bar state: overlay mode, drag disabled, window buttons hidden, title bar hidden
[2020.12.06-20.11.57:308][  0]LogSlate: Updating window title bar state: overlay mode, drag disabled, window buttons hidden, title bar hidden
[2020.12.06-20.11.57:319][  0]LogSlate: Updating window title bar state: overlay mode, drag disabled, window buttons hidden, title bar hidden
[2020.12.06-20.11.57:329][  0]LogSlate: Updating window title bar state: overlay mode, drag disabled, window buttons hidden, title bar hidden
[2020.12.06-20.11.57:343][  0]LogCollectionManager: Loaded 0 collections in 0.003166 seconds
[2020.12.06-20.11.57:373][  0]LogFileCache: Scanning file cache for directory 'C:/Users/lukas/Documents/Unreal Projects/OnlineCowboyCompetitionGame/OnlineCowboyGame/Saved/Collections/' took 0.00s
[2020.12.06-20.11.57:373][  0]LogFileCache: Scanning file cache for directory 'C:/Users/lukas/Documents/Unreal Projects/OnlineCowboyCompetitionGame/OnlineCowboyGame/Content/Developers/lukas/Collections/' took 0.00s
[2020.12.06-20.11.57:373][  0]LogFileCache: Scanning file cache for directory 'C:/Users/lukas/Documents/Unreal Projects/OnlineCowboyCompetitionGame/OnlineCowboyGame/Content/Collections/' took 0.00s
[2020.12.06-20.11.57:373][  0]LogContentBrowser: Native class hierarchy populated in 0.0126 seconds. Added 3449 classes and 823 folders.
[2020.12.06-20.11.57:381][  0]LogContentBrowser: Native class hierarchy updated for 'WidgetCarousel' in 0.0005 seconds. Added 0 classes and 0 folders.
[2020.12.06-20.11.57:603][  0]LogContentBrowser: Native class hierarchy updated for 'AddContentDialog' in 0.0006 seconds. Added 0 classes and 0 folders.
[2020.12.06-20.11.57:657][  0]LogContentBrowser: Native class hierarchy updated for 'SceneOutliner' in 0.0007 seconds. Added 2 classes and 0 folders.
[2020.12.06-20.11.57:880][  0]LogSlate: Took 0.001003 seconds to synchronously load lazily loaded font '../../../Engine/Content/Slate/Fonts/Roboto-Regular.ttf' (155K)
[2020.12.06-20.11.57:886][  0]LogSlate: Took 0.000984 seconds to synchronously load lazily loaded font '../../../Engine/Content/Slate/Fonts/Roboto-Bold.ttf' (160K)
[2020.12.06-20.11.57:902][  0]LogSlate: Took 0.000805 seconds to synchronously load lazily loaded font '../../../Engine/Content/Editor/Slate/Fonts/FontAwesome.ttf' (139K)
[2020.12.06-20.11.58:065][  0]LogRenderer: Reallocating scene render targets to support 1188x504 Format 10 NumSamples 1 (Frame:1).
[2020.12.06-20.11.58:367][  0]LogContentBrowser: Native class hierarchy updated for 'HierarchicalLODOutliner' in 0.0006 seconds. Added 0 classes and 0 folders.
[2020.12.06-20.11.58:367][  0]LogLoad: (Engine Initialization) Total time: 15.69 seconds
[2020.12.06-20.11.58:367][  0]LogLoad: (Engine Initialization) Total Blueprint compile time: 0.00 seconds
[2020.12.06-20.11.58:439][  0]LogAssetRegistry: Asset discovery search completed in 10.1814 seconds
[2020.12.06-20.11.58:444][  0]LogCollectionManager: Fixed up redirectors for 0 collections in 0.000395 seconds (updated 0 objects)
[2020.12.06-20.11.58:453][  0]LogContentStreaming: Texture pool size now 1000 MB
[2020.12.06-20.11.58:631][  0]LogRenderer: Reallocating scene render targets to support 1188x520 Format 10 NumSamples 1 (Frame:2).
[2020.12.06-20.11.58:631][  0]LogSlate: Took 0.001046 seconds to synchronously load lazily loaded font '../../../Engine/Content/Slate/Fonts/Roboto-Light.ttf' (167K)
[2020.12.06-20.12.00:842][ 54]Candidate modules for hot reload:
[2020.12.06-20.12.00:842][ 54]  OnlineCowboyGame
[2020.12.06-20.12.00:842][ 54]Launching UnrealBuildTool... [C:/Program Files/Epic Games/UE_4.25/Engine/Binaries/DotNET/UnrealBuildTool.exe  -ModuleWithSuffix=OnlineCowboyGame,3513 OnlineCowboyGameEditor Win64 Development -Project="C:/Users/lukas/Documents/Unreal Projects/OnlineCowboyCompetitionGame/OnlineCowboyGame/OnlineCowboyGame.uproject" "C:/Users/lukas/Documents/Unreal Projects/OnlineCowboyCompetitionGame/OnlineCowboyGame/OnlineCowboyGame.uproject"  -IgnoreJunk]
[2020.12.06-20.12.00:893][ 54]Warning: Starting HotReload took  0.2s.
[2020.12.06-20.12.10:515][951]CompilerResultsLog: New page: Compilation - 6 gru 2020, 22:12:10
[2020.12.06-20.12.10:515][951]CompilerResultsLog: Using 'git status' to determine working set for adaptive non-unity build (C:\Users\lukas\Documents\Unreal Projects\OnlineCowboyCompetitionGame).
[2020.12.06-20.12.10:515][951]CompilerResultsLog: Building OnlineCowboyGameEditor...
[2020.12.06-20.12.10:515][951]CompilerResultsLog: Using Visual Studio 2019 14.27.29111 toolchain (C:\Program Files (x86)\Microsoft Visual Studio\2019\Community\VC\Tools\MSVC\14.27.29110) and Windows 10.0.18362.0 SDK (C:\Program Files (x86)\Windows Kits\10).
[2020.12.06-20.12.10:516][951]CompilerResultsLog: Building 3 actions with 4 processes...
[2020.12.06-20.12.10:516][951]CompilerResultsLog:   [1/3] UE4Editor-OnlineCowboyGame-3513.lib
[2020.12.06-20.12.10:516][951]CompilerResultsLog:      Trwa tworzenie biblioteki C:\Users\lukas\Documents\Unreal Projects\OnlineCowboyCompetitionGame\OnlineCowboyGame\Intermediate\Build\Win64\UE4Editor\Development\OnlineCowboyGame\UE4Editor-OnlineCowboyGame-3513.lib i obiektu C:\Users\lukas\Documents\Unreal Projects\OnlineCowboyCompetitionGame\OnlineCowboyGame\Intermediate\Build\Win64\UE4Editor\Development\OnlineCowboyGame\UE4Editor-OnlineCowboyGame-3513.exp
[2020.12.06-20.12.10:516][951]CompilerResultsLog:   [2/3] UE4Editor-OnlineCowboyGame-3513.dll
[2020.12.06-20.12.10:516][951]CompilerResultsLog:      Trwa tworzenie biblioteki C:\Users\lukas\Documents\Unreal Projects\OnlineCowboyCompetitionGame\OnlineCowboyGame\Intermediate\Build\Win64\UE4Editor\Development\OnlineCowboyGame\UE4Editor-OnlineCowboyGame-3513.suppressed.lib i obiektu C:\Users\lukas\Documents\Unreal Projects\OnlineCowboyCompetitionGame\OnlineCowboyGame\Intermediate\Build\Win64\UE4Editor\Development\OnlineCowboyGame\UE4Editor-OnlineCowboyGame-3513.suppressed.exp
[2020.12.06-20.12.10:516][951]CompilerResultsLog:   [3/3] OnlineCowboyGameEditor.target
[2020.12.06-20.12.10:516][951]CompilerResultsLog: Total time in Parallel executor: 7,19 seconds
[2020.12.06-20.12.10:516][951]CompilerResultsLog: Total execution time: 9,37 seconds
[2020.12.06-20.12.10:516][951]LogMainFrame: MainFrame: Module compiling took 9.682 seconds
[2020.12.06-20.12.10:580][951]LogClass: EGameState HotReload.
[2020.12.06-20.12.10:580][951]LogClass: CowboyState HotReload.
[2020.12.06-20.12.10:580][951]LogClass: View HotReload.
[2020.12.06-20.12.10:580][951]LogClass: MouseMovement HotReload.
[2020.12.06-20.12.10:580][951]LogClass: AimingServerState HotReload.
[2020.12.06-20.12.10:585][951]LogTemp: Warning: ACowboyCharacter()
[2020.12.06-20.12.10:585][951]LogTemp: Warning: UTPPAimingComponent()
[2020.12.06-20.12.10:585][951]LogTemp: Warning: UTPPAimingComponent::Setup
[2020.12.06-20.12.10:585][951]LogTemp: Warning: UFPPAimingComponent()
[2020.12.06-20.12.10:585][951]LogTemp: Warning: UFPPAimingComponent::Setup
[2020.12.06-20.12.10:585][951]LogTemp: Warning: UViewComponent()
[2020.12.06-20.12.10:585][951]LogTemp: Warning: UViewComponent::Setup(Owner: 20305c00, TPPAimingComp: 200f3a00, TPPMesh: 2027a080)
[2020.12.06-20.12.10:585][951]LogTemp: Warning: UCowboyMovement()
[2020.12.06-20.12.10:585][951]LogTemp: Warning: UCowboyMovement::Setup
[2020.12.06-20.12.10:585][951]LogTemp: Warning: UMovementReplicator()
[2020.12.06-20.12.10:585][951]LogTemp: Warning: UMovementReplicator::Setup
[2020.12.06-20.12.10:588][951]LogTemp: Warning: UCowboyMovement()
[2020.12.06-20.12.10:588][951]LogTemp: Warning: Server ACowboyPlayerController()
[2020.12.06-20.12.10:590][951]LogTemp: Warning: UFPPAimingComponent()
[2020.12.06-20.12.10:592][951]LogTemp: Warning: UMovementReplicator()
[2020.12.06-20.12.10:592][951]LogTemp: Warning: UTPPAimingComponent()
[2020.12.06-20.12.10:592][951]LogTemp: Warning: UViewComponent()
[2020.12.06-20.12.10:594][951]LogContentBrowser: Native class hierarchy updated for 'OnlineCowboyGame' in 0.0006 seconds. Added 22 classes and 2 folders.
[2020.12.06-20.12.10:597][951]Display: HotReload successful (23 functions remapped  2 scriptstructs remapped)
[2020.12.06-20.12.10:661][951]LogContentBrowser: Native class hierarchy populated in 0.0123 seconds. Added 3449 classes and 823 folders.
[2020.12.06-20.12.10:662][951]Display: HotReload took 10.0s.
[2020.12.06-20.12.18:791][837]LogTemp: Repeating last play command: New Editor Window (PIE)
[2020.12.06-20.12.18:851][837]LogPlayLevel: PlayLevel: No blueprints needed recompiling
[2020.12.06-20.12.18:851][837]PIE: New page: PIE session: TestLevel (6 gru 2020, 22:12:18)
[2020.12.06-20.12.18:852][837]LogOnline: OSS: Creating online subsystem instance for: NULL
[2020.12.06-20.12.18:854][837]LogOnline: OSS: TryLoadSubsystemAndSetDefault: Loaded subsystem for module [NULL]
[2020.12.06-20.12.18:857][837]LogPlayLevel: Creating play world package: /Game/Level/UEDPIE_0_TestLevel
[2020.12.06-20.12.18:863][837]LogPlayLevel: PIE: StaticDuplicateObject took: (0.006408s)
[2020.12.06-20.12.18:866][837]LogAIModule: Creating AISystem for world TestLevel
[2020.12.06-20.12.18:866][837]LogAISub: UAISubsystem::UAISubsystem EnvQueryManager (000001D3206C7E00), frame # 1837
[2020.12.06-20.12.18:866][837]LogAISub: UAISubsystem::UAISubsystem AIPerceptionSystem (000001D3607DAE80), frame # 1837
[2020.12.06-20.12.18:867][837]LogPlayLevel: PIE: World Init took: (0.003131s)
[2020.12.06-20.12.18:867][837]LogPlayLevel: PIE: Created PIE world by copying editor world from /Game/Level/TestLevel.TestLevel to /Game/Level/UEDPIE_0_TestLevel.TestLevel (0.010241s)
[2020.12.06-20.12.18:883][837]LogUObjectHash: Compacting FUObjectHashTables data took   0.76ms
[2020.12.06-20.12.18:886][837]LogAudioMixer: Display: Audio Mixer Platform Settings:
[2020.12.06-20.12.18:886][837]LogAudioMixer: Display: 	Sample Rate:						  48000
[2020.12.06-20.12.18:886][837]LogAudioMixer: Display: 	Callback Buffer Frame Size Requested: 1024
[2020.12.06-20.12.18:886][837]LogAudioMixer: Display: 	Callback Buffer Frame Size To Use:	  1024
[2020.12.06-20.12.18:886][837]LogAudioMixer: Display: 	Number of buffers to queue:			  2
[2020.12.06-20.12.18:886][837]LogAudioMixer: Display: 	Max Channels (voices):				  32
[2020.12.06-20.12.18:886][837]LogAudioMixer: Display: 	Number of Async Source Workers:		  0
[2020.12.06-20.12.18:886][837]LogAudio: Display: AudioDevice MaxSources: 32
[2020.12.06-20.12.18:886][837]LogAudio: Display: Using built-in audio occlusion.
[2020.12.06-20.12.18:886][837]LogAudioMixer: Display: Initializing audio mixer.
[2020.12.06-20.12.18:889][837]LogAudioMixer: Display: 0: FrontLeft
[2020.12.06-20.12.18:889][837]LogAudioMixer: Display: 1: FrontRight
[2020.12.06-20.12.18:925][837]LogAudioMixer: Display: Using Audio Device Głośniki (ASUS Xonar DG Audio Device)
[2020.12.06-20.12.18:925][837]LogAudioMixer: Display: Initializing Sound Submixes...
[2020.12.06-20.12.18:926][837]LogAudioMixer: Display: Creating Master Submix 'MasterSubmixDefault'
[2020.12.06-20.12.18:926][837]LogAudioMixer: Display: Creating Master Submix 'MasterReverbSubmixDefault'
[2020.12.06-20.12.18:926][837]LogAudioMixer: Display: Creating Master Submix 'MasterEQSubmixDefault'
[2020.12.06-20.12.18:936][837]LogInit: FAudioDevice initialized.
[2020.12.06-20.12.19:013][837]LogSlate: Updating window title bar state: overlay mode, drag disabled, window buttons hidden, title bar hidden
[2020.12.06-20.12.19:254][837]LogTemp: Warning: ACowboyCharacter()
[2020.12.06-20.12.19:254][837]LogTemp: Warning: UTPPAimingComponent()
[2020.12.06-20.12.19:254][837]LogTemp: Warning: UTPPAimingComponent::Setup
[2020.12.06-20.12.19:254][837]LogTemp: Warning: UFPPAimingComponent()
[2020.12.06-20.12.19:254][837]LogTemp: Warning: UFPPAimingComponent::Setup
[2020.12.06-20.12.19:254][837]LogTemp: Warning: UViewComponent()
[2020.12.06-20.12.19:254][837]LogTemp: Warning: UViewComponent::Setup(Owner: 1d186c00, TPPAimingComp: 1d251a00, TPPMesh: 1d1b10c0)
[2020.12.06-20.12.19:254][837]LogTemp: Warning: UCowboyMovement()
[2020.12.06-20.12.19:254][837]LogTemp: Warning: UCowboyMovement::Setup
[2020.12.06-20.12.19:254][837]LogTemp: Warning: UMovementReplicator()
[2020.12.06-20.12.19:254][837]LogTemp: Warning: UMovementReplicator::Setup
[2020.12.06-20.12.19:257][837]LogTemp: Warning: ACowboyCharacter()
[2020.12.06-20.12.19:257][837]LogTemp: Warning: UTPPAimingComponent()
[2020.12.06-20.12.19:257][837]LogTemp: Warning: UTPPAimingComponent::Setup
[2020.12.06-20.12.19:257][837]LogTemp: Warning: UFPPAimingComponent()
[2020.12.06-20.12.19:257][837]LogTemp: Warning: UFPPAimingComponent::Setup
[2020.12.06-20.12.19:257][837]LogTemp: Warning: UViewComponent()
[2020.12.06-20.12.19:257][837]LogTemp: Warning: UViewComponent::Setup(Owner: 1d186800, TPPAimingComp: 1d251400, TPPMesh: 1d182080)
[2020.12.06-20.12.19:257][837]LogTemp: Warning: UCowboyMovement()
[2020.12.06-20.12.19:257][837]LogTemp: Warning: UCowboyMovement::Setup
[2020.12.06-20.12.19:257][837]LogTemp: Warning: UMovementReplicator()
[2020.12.06-20.12.19:257][837]LogTemp: Warning: UMovementReplicator::Setup
[2020.12.06-20.12.19:259][837]LogTemp: Warning: ACowboyCharacter()
[2020.12.06-20.12.19:259][837]LogTemp: Warning: UTPPAimingComponent()
[2020.12.06-20.12.19:259][837]LogTemp: Warning: UTPPAimingComponent::Setup
[2020.12.06-20.12.19:259][837]LogTemp: Warning: UFPPAimingComponent()
[2020.12.06-20.12.19:259][837]LogTemp: Warning: UFPPAimingComponent::Setup
[2020.12.06-20.12.19:259][837]LogTemp: Warning: UViewComponent()
[2020.12.06-20.12.19:259][837]LogTemp: Warning: UViewComponent::Setup(Owner: 1d186400, TPPAimingComp: 1d250200, TPPMesh: 1d16f040)
[2020.12.06-20.12.19:259][837]LogTemp: Warning: UCowboyMovement()
[2020.12.06-20.12.19:259][837]LogTemp: Warning: UCowboyMovement::Setup
[2020.12.06-20.12.19:259][837]LogTemp: Warning: UMovementReplicator()
[2020.12.06-20.12.19:259][837]LogTemp: Warning: UMovementReplicator::Setup
[2020.12.06-20.12.19:265][837]LogTemp: Warning: Server ACowboyPlayerController()
[2020.12.06-20.12.19:266][837]LogTemp: Warning: Server ACowboyPlayerController()
[2020.12.06-20.12.19:267][837]LogTemp: Warning: Server ACowboyPlayerController()
[2020.12.06-20.12.19:584][837]LogLoad: Game class is 'BP_CowboyGameMode_C'
[2020.12.06-20.12.19:589][837]LogWorld: Bringing World /Game/Level/UEDPIE_0_TestLevel.TestLevel up for play (max tick rate 0) at 2020.12.06-21.12.19
[2020.12.06-20.12.19:591][837]LogWorld: Bringing up level for play took: 0.002756
[2020.12.06-20.12.19:591][837]LogOnline: OSS: Creating online subsystem instance for: :Context_1
[2020.12.06-20.12.19:593][837]LogTemp: Warning: Server ACowboyPlayerController()
[2020.12.06-20.12.19:640][837]LogContentBrowser: Native class hierarchy updated for 'MovieSceneCapture' in 0.0007 seconds. Added 20 classes and 0 folders.
[2020.12.06-20.12.19:640][837]LogTemp: Warning: ACowboyCharacter()
[2020.12.06-20.12.19:641][837]LogTemp: Warning: UTPPAimingComponent()
[2020.12.06-20.12.19:641][837]LogTemp: Warning: UTPPAimingComponent::Setup
[2020.12.06-20.12.19:641][837]LogTemp: Warning: UFPPAimingComponent()
[2020.12.06-20.12.19:641][837]LogTemp: Warning: UFPPAimingComponent::Setup
[2020.12.06-20.12.19:641][837]LogTemp: Warning: UViewComponent()
[2020.12.06-20.12.19:641][837]LogTemp: Warning: UViewComponent::Setup(Owner: 2cafec00, TPPAimingComp: 2cacff00, TPPMesh: 6ef010c0)
[2020.12.06-20.12.19:641][837]LogTemp: Warning: UCowboyMovement()
[2020.12.06-20.12.19:641][837]LogTemp: Warning: UCowboyMovement::Setup
[2020.12.06-20.12.19:641][837]LogTemp: Warning: UMovementReplicator()
[2020.12.06-20.12.19:641][837]LogTemp: Warning: UMovementReplicator::Setup
[2020.12.06-20.12.19:661][837]LogTemp: Warning: UViewComponent::InitializeComponent()
[2020.12.06-20.12.19:668][837]LogTemp: Warning: AOnlineCowboyGameGameModeBase::PostLogin
[2020.12.06-20.12.19:675][837]LogNet: ReplicationDriverClass is null! Not using ReplicationDriver.
[2020.12.06-20.12.19:675][837]LogNetCore: DDoS detection status: detection enabled: 0 analytics enabled: 0
[2020.12.06-20.12.19:675][837]LogInit: WinSock: Socket queue. Rx: 131072 (config 131072) Tx: 131072 (config 131072)
[2020.12.06-20.12.19:675][837]LogNet: Created socket for bind address: 0.0.0.0 on port 17777
[2020.12.06-20.12.19:675][837]PacketHandlerLog: Loaded PacketHandler component: Engine.EngineHandlerComponentFactory (StatelessConnectHandlerComponent)
[2020.12.06-20.12.19:677][837]LogNet: GameNetDriver IpNetDriver_0 IpNetDriver listening on port 17777
[2020.12.06-20.12.19:679][837]LogTemp: Warning: 3f6f200
[2020.12.06-20.12.19:679][837]LogTemp: Warning: AGameHUD::CreateGameInterface()
[2020.12.06-20.12.19:681][837]LogTemp: Warning: AGameHUD::CreateMatchHUD()
[2020.12.06-20.12.19:681][837]LogTemp: Warning: AGameHUD::CreateMatchIntroHUD()
[2020.12.06-20.12.19:684][837]LogTemp: Warning: UTPPAimingComponent::BeginPlay()
[2020.12.06-20.12.19:684][837]LogTemp: Warning: UFPPAimingComponent::BeginPlay()
[2020.12.06-20.12.19:684][837]LogTemp: Warning: UViewComponent::BeginPlay()
[2020.12.06-20.12.19:684][837]LogTemp: Warning: UCowboyMovement::BeginPlay()
[2020.12.06-20.12.19:684][837]LogTemp: Warning: UMovementReplicator::BeginPlay()
[2020.12.06-20.12.19:684][837]LogTemp: Warning: ACowboyCharacter::BeginPlay()
[2020.12.06-20.12.19:689][837]PIE: Server logged in
[2020.12.06-20.12.19:691][837]PIE: Play in editor total start time 0,85 seconds.
[2020.12.06-20.12.19:693][837]LogAudioMixer: Display: Audio Mixer Platform Settings:
[2020.12.06-20.12.19:693][837]LogAudioMixer: Display: 	Sample Rate:						  48000
[2020.12.06-20.12.19:693][837]LogAudioMixer: Display: 	Callback Buffer Frame Size Requested: 1024
[2020.12.06-20.12.19:693][837]LogAudioMixer: Display: 	Callback Buffer Frame Size To Use:	  1024
[2020.12.06-20.12.19:693][837]LogAudioMixer: Display: 	Number of buffers to queue:			  2
[2020.12.06-20.12.19:694][837]LogAudioMixer: Display: 	Max Channels (voices):				  32
[2020.12.06-20.12.19:694][837]LogAudioMixer: Display: 	Number of Async Source Workers:		  0
[2020.12.06-20.12.19:694][837]LogAudio: Display: AudioDevice MaxSources: 32
[2020.12.06-20.12.19:694][837]LogAudio: Display: Using built-in audio occlusion.
[2020.12.06-20.12.19:694][837]LogAudioMixer: Display: Initializing audio mixer.
[2020.12.06-20.12.19:697][837]LogAudioMixer: Display: 0: FrontLeft
[2020.12.06-20.12.19:697][837]LogAudioMixer: Display: 1: FrontRight
[2020.12.06-20.12.19:731][837]LogAudioMixer: Display: Using Audio Device Głośniki (ASUS Xonar DG Audio Device)
[2020.12.06-20.12.19:731][837]LogAudioMixer: Display: Initializing Sound Submixes...
[2020.12.06-20.12.19:731][837]LogAudioMixer: Display: Creating Master Submix 'MasterSubmixDefault'
[2020.12.06-20.12.19:731][837]LogAudioMixer: Display: Creating Master Submix 'MasterReverbSubmixDefault'
[2020.12.06-20.12.19:732][837]LogAudioMixer: Display: Creating Master Submix 'MasterEQSubmixDefault'
[2020.12.06-20.12.19:744][837]LogInit: FAudioDevice initialized.
[2020.12.06-20.12.19:796][837]LogSlate: Updating window title bar state: overlay mode, drag disabled, window buttons hidden, title bar hidden
[2020.12.06-20.12.19:796][837]LogNet: Browse: 127.0.0.1:17777/Engine/Maps/Entry
[2020.12.06-20.12.19:797][837]LogInit: WinSock: Socket queue. Rx: 32768 (config 32768) Tx: 32768 (config 32768)
[2020.12.06-20.12.19:797][837]LogNet: Created socket for bind address: 0.0.0.0 on port 0
[2020.12.06-20.12.19:798][837]PacketHandlerLog: Loaded PacketHandler component: Engine.EngineHandlerComponentFactory (StatelessConnectHandlerComponent)
[2020.12.06-20.12.19:798][837]LogNet: Game client on port 17777, rate 10000
[2020.12.06-20.12.19:801][837]PIE: Client logged in
[2020.12.06-20.12.19:803][837]PIE: Play in editor total start time 0,961 seconds.
[2020.12.06-20.12.19:896][837]LogRenderer: Reallocating scene render targets to support 1188x1080 Format 10 NumSamples 1 (Frame:1).
[2020.12.06-20.12.19:914][837]LogRenderer: Reallocating scene render targets to support 1912x1080 Format 10 NumSamples 1 (Frame:1).
[2020.12.06-20.12.20:824][877]LogNet: NotifyAcceptingConnection accepted from: 127.0.0.1:50153
[2020.12.06-20.12.20:825][877]LogHandshake: SendConnectChallenge. Timestamp: 2.041921, Cookie: 086126065018195075048247027251236248066096110110202042109197
[2020.12.06-20.12.20:826][877]LogHandshake: SendChallengeResponse. Timestamp: 2.041921, Cookie: 086126065018195075048247027251236248066096110110202042109197
[2020.12.06-20.12.20:842][878]LogNet: NotifyAcceptingConnection accepted from: 127.0.0.1:50153
[2020.12.06-20.12.20:842][878]LogHandshake: SendChallengeAck. InCookie: 086126065018195075048247027251236248066096110110202042109197
[2020.12.06-20.12.20:842][878]LogNet: Server accepting post-challenge connection from: 127.0.0.1:50153
[2020.12.06-20.12.20:842][878]PacketHandlerLog: Loaded PacketHandler component: Engine.EngineHandlerComponentFactory (StatelessConnectHandlerComponent)
[2020.12.06-20.12.20:842][878]LogNet: NotifyAcceptedConnection: Name: TestLevel, TimeStamp: 12/06/20 21:12:20, [UNetConnection] RemoteAddr: 127.0.0.1:50153, Name: IpConnection_1, Driver: GameNetDriver IpNetDriver_0, IsServer: YES, PC: NULL, Owner: NULL, UniqueId: INVALID
[2020.12.06-20.12.20:842][878]LogNet: AddClientConnection: Added client connection: [UNetConnection] RemoteAddr: 127.0.0.1:50153, Name: IpConnection_1, Driver: GameNetDriver IpNetDriver_0, IsServer: YES, PC: NULL, Owner: NULL, UniqueId: INVALID
[2020.12.06-20.12.20:844][878]LogNetVersion: OnlineCowboyGame 1.0.0.0, NetCL: 13144385, EngineNetVer: 14, GameNetVer: 0 (Checksum: 12459381)
[2020.12.06-20.12.20:844][878]LogNet: UPendingNetGame::SendInitialJoin: Sending hello. [UNetConnection] RemoteAddr: 127.0.0.1:17777, Name: IpConnection_0, Driver: PendingNetDriver IpNetDriver_1, IsServer: NO, PC: NULL, Owner: NULL, UniqueId: INVALID
[2020.12.06-20.12.20:862][879]LogNet: NotifyAcceptingChannel Control 0 server World /Game/Level/UEDPIE_0_TestLevel.TestLevel: Accepted
[2020.12.06-20.12.20:863][879]LogNet: Remote platform little endian=1
[2020.12.06-20.12.20:863][879]LogNet: This platform little endian=1
[2020.12.06-20.12.20:864][879]LogOnline: OSS: Creating online subsystem instance for: :Context_2
[2020.12.06-20.12.20:882][880]LogNet: Login request: ?Name=DESKTOP-4K56MF1-5F431AF643EEAB97FE5AE0ABC208186B userId: NULL:DESKTOP-4K56MF1-5F431AF643EEAB97FE5AE0ABC208186B platform: NULL
[2020.12.06-20.12.20:883][880]LogNet: Welcomed by server (Level: /Game/Level/UEDPIE_0_TestLevel, Game: /Game/BP_CowboyGameMode.BP_CowboyGameMode_C)
[2020.12.06-20.12.20:883][880]LogLoad: LoadMap: 127.0.0.1:17777/Game/Level/UEDPIE_0_TestLevel?game=/Game/BP_CowboyGameMode.BP_CowboyGameMode_C
[2020.12.06-20.12.20:884][880]LogWorld: BeginTearingDown for /Temp/Untitled_1
[2020.12.06-20.12.20:884][880]LogWorld: UWorld::CleanupWorld for Untitled, bSessionEnded=true, bCleanupResources=true
[2020.12.06-20.12.20:884][880]LogSlate: InvalidateAllWidgets triggered.  All widgets were invalidated
[2020.12.06-20.12.20:904][880]LogUObjectHash: Compacting FUObjectHashTables data took   1.07ms
[2020.12.06-20.12.20:923][880]LogAIModule: Creating AISystem for world TestLevel
[2020.12.06-20.12.20:923][880]LogAISub: UAISubsystem::UAISubsystem EnvQueryManager (000001D31D277C00), frame # 1880
[2020.12.06-20.12.20:923][880]LogAISub: UAISubsystem::UAISubsystem AIPerceptionSystem (000001D31FC3AAC0), frame # 1880
[2020.12.06-20.12.20:924][880]LogWorld: Bringing World /Game/Level/UEDPIE_1_TestLevel.TestLevel up for play (max tick rate 0) at 2020.12.06-21.12.20
[2020.12.06-20.12.20:925][880]LogWorld: Bringing up level for play took: 0.000577
[2020.12.06-20.12.20:926][880]LogLoad: Took 0.043468 seconds to LoadMap(/Game/Level/UEDPIE_0_TestLevel)
[2020.12.06-20.12.20:927][880]LogNavigation: Warning: NavData RegistrationFailed_DataPendingKill.
[2020.12.06-20.12.20:938][881]LogNet: Client netspeed is 10000
[2020.12.06-20.12.20:938][881]LogNet: Join request: /Engine/Maps/Entry?Name=DESKTOP-4K56MF1-5F431AF643EEAB97FE5AE0ABC208186B?SplitscreenCount=1
[2020.12.06-20.12.20:939][881]LogTemp: Warning: Server ACowboyPlayerController()
[2020.12.06-20.12.20:939][881]LogOnlineSession: Warning: OSS: No game present to join for session (GameSession)
[2020.12.06-20.12.20:947][881]LogTemp: Warning: ACowboyCharacter()
[2020.12.06-20.12.20:947][881]LogTemp: Warning: UTPPAimingComponent()
[2020.12.06-20.12.20:947][881]LogTemp: Warning: UTPPAimingComponent::Setup
[2020.12.06-20.12.20:947][881]LogTemp: Warning: UFPPAimingComponent()
[2020.12.06-20.12.20:947][881]LogTemp: Warning: UFPPAimingComponent::Setup
[2020.12.06-20.12.20:947][881]LogTemp: Warning: UViewComponent()
[2020.12.06-20.12.20:947][881]LogTemp: Warning: UViewComponent::Setup(Owner: 200f5400, TPPAimingComp: 206c8600, TPPMesh: 20278100)
[2020.12.06-20.12.20:947][881]LogTemp: Warning: UCowboyMovement()
[2020.12.06-20.12.20:947][881]LogTemp: Warning: UCowboyMovement::Setup
[2020.12.06-20.12.20:947][881]LogTemp: Warning: UMovementReplicator()
[2020.12.06-20.12.20:948][881]LogTemp: Warning: UMovementReplicator::Setup
[2020.12.06-20.12.20:949][881]LogTemp: Warning: UViewComponent::InitializeComponent()
[2020.12.06-20.12.20:949][881]LogTemp: Warning: UTPPAimingComponent::BeginPlay()
[2020.12.06-20.12.20:949][881]LogTemp: Warning: UFPPAimingComponent::BeginPlay()
[2020.12.06-20.12.20:949][881]LogTemp: Warning: UViewComponent::BeginPlay()
[2020.12.06-20.12.20:949][881]LogTemp: Warning: UCowboyMovement::BeginPlay()
[2020.12.06-20.12.20:949][881]LogTemp: Warning: UMovementReplicator::BeginPlay()
[2020.12.06-20.12.20:949][881]LogTemp: Warning: ACowboyCharacter::BeginPlay()
[2020.12.06-20.12.20:950][881]LogTemp: Warning: AOnlineCowboyGameGameModeBase::PostLogin
[2020.12.06-20.12.20:951][881]LogNet: Join succeeded: DESKTOP-4K56MF1-5F43
[2020.12.06-20.12.20:953][881]LogTemp: Warning: Server ACowboyPlayerController()
[2020.12.06-20.12.21:406][896]LogTemp: Warning: ACowboyCharacter()
[2020.12.06-20.12.21:406][896]LogTemp: Warning: UTPPAimingComponent()
[2020.12.06-20.12.21:406][896]LogTemp: Warning: UTPPAimingComponent::Setup
[2020.12.06-20.12.21:406][896]LogTemp: Warning: UFPPAimingComponent()
[2020.12.06-20.12.21:406][896]LogTemp: Warning: UFPPAimingComponent::Setup
[2020.12.06-20.12.21:406][896]LogTemp: Warning: UViewComponent()
[2020.12.06-20.12.21:406][896]LogTemp: Warning: UViewComponent::Setup(Owner: 20188c00, TPPAimingComp: 1faafc00, TPPMesh: 2ca24100)
[2020.12.06-20.12.21:406][896]LogTemp: Warning: UCowboyMovement()
[2020.12.06-20.12.21:406][896]LogTemp: Warning: UCowboyMovement::Setup
[2020.12.06-20.12.21:406][896]LogTemp: Warning: UMovementReplicator()
[2020.12.06-20.12.21:406][896]LogTemp: Warning: UMovementReplicator::Setup
[2020.12.06-20.12.21:408][896]LogTemp: Warning: UViewComponent::InitializeComponent()
[2020.12.06-20.12.21:535][900]LogTemp: Warning: ACowboyCharacter()
[2020.12.06-20.12.21:535][900]LogTemp: Warning: UTPPAimingComponent()
[2020.12.06-20.12.21:535][900]LogTemp: Warning: UTPPAimingComponent::Setup
[2020.12.06-20.12.21:535][900]LogTemp: Warning: UFPPAimingComponent()
[2020.12.06-20.12.21:536][900]LogTemp: Warning: UFPPAimingComponent::Setup
[2020.12.06-20.12.21:536][900]LogTemp: Warning: UViewComponent()
[2020.12.06-20.12.21:536][900]LogTemp: Warning: UViewComponent::Setup(Owner: 2c8d1400, TPPAimingComp: 1faaed00, TPPMesh: 2c4ef040)
[2020.12.06-20.12.21:536][900]LogTemp: Warning: UCowboyMovement()
[2020.12.06-20.12.21:536][900]LogTemp: Warning: UCowboyMovement::Setup
[2020.12.06-20.12.21:536][900]LogTemp: Warning: UMovementReplicator()
[2020.12.06-20.12.21:536][900]LogTemp: Warning: UMovementReplicator::Setup
[2020.12.06-20.12.21:537][900]LogTemp: Warning: UViewComponent::InitializeComponent()
[2020.12.06-20.12.21:607][902]LogTemp: Warning: 3f6f200
[2020.12.06-20.12.21:607][902]LogTemp: Warning: AGameHUD::CreateGameInterface()
[2020.12.06-20.12.21:610][902]LogTemp: Warning: AGameHUD::CreateMatchHUD()
[2020.12.06-20.12.21:611][902]LogTemp: Warning: AGameHUD::CreateMatchIntroHUD()
[2020.12.06-20.12.21:612][902]LogTemp: Warning: UTPPAimingComponent::BeginPlay()
[2020.12.06-20.12.21:612][902]LogTemp: Warning: UFPPAimingComponent::BeginPlay()
[2020.12.06-20.12.21:612][902]LogTemp: Warning: UViewComponent::BeginPlay()
[2020.12.06-20.12.21:612][902]LogTemp: Warning: UCowboyMovement::BeginPlay()
[2020.12.06-20.12.21:612][902]LogTemp: Warning: UMovementReplicator::BeginPlay()
[2020.12.06-20.12.21:612][902]LogTemp: Warning: ACowboyCharacter::BeginPlay()
[2020.12.06-20.12.21:613][902]LogTemp: Warning: UTPPAimingComponent::BeginPlay()
[2020.12.06-20.12.21:613][902]LogTemp: Warning: UFPPAimingComponent::BeginPlay()
[2020.12.06-20.12.21:613][902]LogTemp: Warning: UViewComponent::BeginPlay()
[2020.12.06-20.12.21:613][902]LogTemp: Warning: UCowboyMovement::BeginPlay()
[2020.12.06-20.12.21:613][902]LogTemp: Warning: UMovementReplicator::BeginPlay()
[2020.12.06-20.12.21:613][902]LogTemp: Warning: ACowboyCharacter::BeginPlay()
[2020.12.06-20.12.21:855][908]LogOnlineSession: Warning: OSS: No game present to join for session (GameSession)
[2020.12.06-20.12.21:981][911]LogOnlineSession: Warning: OSS: No game present to join for session (GameSession)
[2020.12.06-20.12.22:966][935]LogTemp: Warning: Begin Player presentation
[2020.12.06-20.12.22:966][935]LogTemp: Warning: ACowboyCompetitionGameState::PlayersPresentation()
[2020.12.06-20.12.22:966][935]LogTemp: Warning: PlayerOne Luq, PlayerTwo Vinci
[2020.12.06-20.12.22:966][935]LogTemp: Warning: ACowboyCompetitionGameState::OnRep_CurrentGameState() 1
[2020.12.06-20.12.22:967][935]LogTemp: Warning: ACowboyCompetitionGameState::PlayersPresentation()
[2020.12.06-20.12.22:967][935]LogTemp: Warning: PlayerOne Vinci, PlayerTwo Luq
[2020.12.06-20.12.25:945][  5]LogTemp: Warning: PlayersNamePresentation finished
[2020.12.06-20.12.25:945][  5]LogTemp: Warning: PlayersNamePresentation finished
[2020.12.06-20.12.28:936][ 76]LogTemp: Warning: ACowboyCompetitionGameState::Multi_TriggerPresentationEnd_Implementation()
[2020.12.06-20.12.28:937][ 76]LogTemp: Warning: ACowboyCompetitionGameState::Multi_TriggerPresentationEnd_Implementation()
[2020.12.06-20.12.29:941][100]LogTemp: Warning: ACowboyCharacter::OnStartingGame()
[2020.12.06-20.12.29:941][100]LogTemp: Warning: ACowboyCharacter::OnStartingGame()
[2020.12.06-20.12.29:941][100]LogPawn: Error: EnableInput can only be specified on a Pawn for its Controller
[2020.12.06-20.12.29:941][100]LogTemp: Warning: ACowboyCompetitionGameState::StartingGame(), NoOfPlayers 2
[2020.12.06-20.12.29:975][101]LogTemp: Warning: ACowboyCompetitionGameState::OnRep_CurrentGameState() 2
[2020.12.06-20.12.29:975][101]LogTemp: Warning: ACowboyCharacter::OnStartingGame()
[2020.12.06-20.12.29:975][101]LogTemp: Warning: ACowboyCharacter::OnStartingGame()
[2020.12.06-20.12.29:975][101]LogPawn: Error: EnableInput can only be specified on a Pawn for its Controller
[2020.12.06-20.12.29:975][101]LogTemp: Warning: ACowboyCompetitionGameState::StartingGame(), NoOfPlayers 2
[2020.12.06-20.12.31:974][149]LogTemp: Warning: ACowboyCompetitionGameState::StartingRound()
[2020.12.06-20.12.32:007][150]LogTemp: Warning: ACowboyCompetitionGameState::OnRep_CurrentGameState() 3
[2020.12.06-20.12.32:007][150]LogTemp: Warning: ACowboyCompetitionGameState::StartingRound()
[2020.12.06-20.12.36:067][169]LogRenderer: Reallocating scene render targets to support 1920x1080 Format 10 NumSamples 1 (Frame:333).
[2020.12.06-20.12.37:560][200]LogSlate: Took 0.118610 seconds to synchronously load lazily loaded font '../../../Engine/Content/Slate/Fonts/DroidSansMono.ttf' (77K)
[2020.12.06-20.13.12:514][ 36]LogSlate: Window 'OnlineCowboyGame Preview [NetMode: Server] (64-bit/Windows) ' being destroyed
[2020.12.06-20.13.12:589][ 36]LogOnlineSession: Warning: OSS: No game present to leave for session (GameSession)
[2020.12.06-20.13.12:589][ 36]LogTemp: Warning: AOnlineCowboyGameGameModeBase::Logout
[2020.12.06-20.13.12:593][ 36]LogSlate: Updating window title bar state: overlay mode, drag disabled, window buttons hidden, title bar hidden
[2020.12.06-20.13.12:594][ 36]LogWorld: BeginTearingDown for /Game/Level/UEDPIE_1_TestLevel
[2020.12.06-20.13.12:594][ 36]LogSlate: Window 'OnlineCowboyGame Preview [NetMode: Client 2] (64-bit/Windows) ' being destroyed
[2020.12.06-20.13.12:598][ 36]LogWorld: UWorld::CleanupWorld for TestLevel, bSessionEnded=true, bCleanupResources=true
[2020.12.06-20.13.12:599][ 36]LogSlate: InvalidateAllWidgets triggered.  All widgets were invalidated
[2020.12.06-20.13.12:612][ 36]LogNet: World NetDriver shutdown IpNetDriver_1 [GameNetDriver]
[2020.12.06-20.13.12:612][ 36]LogNet: DestroyNamedNetDriver IpNetDriver_1 [GameNetDriver]
[2020.12.06-20.13.12:612][ 36]LogNet: UNetConnection::Close: [UNetConnection] RemoteAddr: 127.0.0.1:17777, Name: IpConnection_0, Driver: GameNetDriver IpNetDriver_1, IsServer: NO, PC: BP_CowobyPlayerController_C_0, Owner: BP_CowobyPlayerController_C_0, UniqueId: NULL:DESKTOP-4K56MF1-5F431AF643EEAB97FE5AE0ABC208186B, Channels: 11, Time: 2020.12.06-20.13.12
[2020.12.06-20.13.12:612][ 36]LogNet: UChannel::Close: Sending CloseBunch. ChIndex == 0. Name: [UChannel] ChIndex: 0, Closing: 0 [UNetConnection] RemoteAddr: 127.0.0.1:17777, Name: IpConnection_0, Driver: GameNetDriver IpNetDriver_1, IsServer: NO, PC: BP_CowobyPlayerController_C_0, Owner: BP_CowobyPlayerController_C_0, UniqueId: NULL:DESKTOP-4K56MF1-5F431AF643EEAB97FE5AE0ABC208186B
[2020.12.06-20.13.12:613][ 36]LogExit: GameNetDriver IpNetDriver_1 shut down
[2020.12.06-20.13.12:614][ 36]LogWorld: BeginTearingDown for /Game/Level/UEDPIE_0_TestLevel
[2020.12.06-20.13.12:614][ 36]LogWorld: UWorld::CleanupWorld for TestLevel, bSessionEnded=true, bCleanupResources=true
[2020.12.06-20.13.12:615][ 36]LogSlate: InvalidateAllWidgets triggered.  All widgets were invalidated
[2020.12.06-20.13.12:622][ 36]LogNet: World NetDriver shutdown IpNetDriver_0 [GameNetDriver]
[2020.12.06-20.13.12:622][ 36]LogNet: DestroyNamedNetDriver IpNetDriver_0 [GameNetDriver]
[2020.12.06-20.13.12:623][ 36]LogNet: UNetConnection::Cleanup: Closing open connection. [UNetConnection] RemoteAddr: 127.0.0.1:50153, Name: IpConnection_1, Driver: GameNetDriver IpNetDriver_0, IsServer: YES, PC: BP_CowobyPlayerController_C_1, Owner: BP_CowobyPlayerController_C_1, UniqueId: NULL:DESKTOP-4K56MF1-5F431AF643EEAB97FE5AE0ABC208186B
[2020.12.06-20.13.12:623][ 36]LogNet: UNetConnection::Close: [UNetConnection] RemoteAddr: 127.0.0.1:50153, Name: IpConnection_1, Driver: GameNetDriver IpNetDriver_0, IsServer: YES, PC: BP_CowobyPlayerController_C_1, Owner: BP_CowobyPlayerController_C_1, UniqueId: NULL:DESKTOP-4K56MF1-5F431AF643EEAB97FE5AE0ABC208186B, Channels: 11, Time: 2020.12.06-20.13.12
[2020.12.06-20.13.12:623][ 36]LogNet: UChannel::Close: Sending CloseBunch. ChIndex == 0. Name: [UChannel] ChIndex: 0, Closing: 0 [UNetConnection] RemoteAddr: 127.0.0.1:50153, Name: IpConnection_1, Driver: GameNetDriver IpNetDriver_0, IsServer: YES, PC: BP_CowobyPlayerController_C_1, Owner: BP_CowobyPlayerController_C_1, UniqueId: NULL:DESKTOP-4K56MF1-5F431AF643EEAB97FE5AE0ABC208186B
[2020.12.06-20.13.12:624][ 36]LogTemp: Warning: AOnlineCowboyGameGameModeBase::Logout
[2020.12.06-20.13.12:624][ 36]LogExit: GameNetDriver IpNetDriver_0 shut down
[2020.12.06-20.13.12:625][ 36]LogPlayLevel: Display: Shutting down PIE online subsystems
[2020.12.06-20.13.12:630][ 36]LogSlate: InvalidateAllWidgets triggered.  All widgets were invalidated
[2020.12.06-20.13.12:704][ 36]LogAISub: UAISubsystem::~UAISubsystem EnvQueryManager (000001D3206C7E00), frame # 3036
[2020.12.06-20.13.12:704][ 36]LogAISub: UAISubsystem::~UAISubsystem AIPerceptionSystem (000001D3607DAE80), frame # 3036
[2020.12.06-20.13.12:707][ 36]LogAISub: UAISubsystem::~UAISubsystem AIPerceptionSystem (000001D31FC3AAC0), frame # 3036
[2020.12.06-20.13.12:707][ 36]LogAISub: UAISubsystem::~UAISubsystem EnvQueryManager (000001D31D277C00), frame # 3036
[2020.12.06-20.13.12:710][ 36]LogUObjectHash: Compacting FUObjectHashTables data took   0.89ms
[2020.12.06-20.13.12:764][ 37]LogPlayLevel: Display: Destroying online subsystem :Context_2
[2020.12.06-20.13.12:764][ 37]LogPlayLevel: Display: Destroying online subsystem :Context_1
[2020.12.06-20.13.30:366][ 75]LogSlate: Took 0.000185 seconds to synchronously load lazily loaded font '../../../Engine/Content/Slate/Fonts/Roboto-Light.ttf' (167K)
[2020.12.06-20.13.30:405][ 75]LogUObjectHash: Compacting FUObjectHashTables data took   0.75ms
[2020.12.06-20.13.30:596][ 75]LogSavePackage: Moving '../../../../../../Users/lukas/Documents/Unreal Projects/OnlineCowboyCompetitionGame/OnlineCowboyGame/Saved/TestLevelF9D187114A2AFFB04E853D8BB5CF037A.tmp' to '../../../../../../Users/lukas/Documents/Unreal Projects/OnlineCowboyCompetitionGame/OnlineCowboyGame/Content/Level/TestLevel.umap'
[2020.12.06-20.13.30:746][ 75]LogSavePackage: Moving '../../../../../../Users/lukas/Documents/Unreal Projects/OnlineCowboyCompetitionGame/OnlineCowboyGame/Saved/TestLevel_BuiltData97A40ECE42E9D5D8428E5CA566D2200D.tmp' to '../../../../../../Users/lukas/Documents/Unreal Projects/OnlineCowboyCompetitionGame/OnlineCowboyGame/Content/Level/TestLevel_BuiltData.uasset'
[2020.12.06-20.13.30:762][ 75]AssetCheck: New page: Asset Save: multiple assets
[2020.12.06-20.13.30:762][ 75]LogContentValidation: Display: Validating World /Game/Level/TestLevel.TestLevel
[2020.12.06-20.13.30:762][ 75]LogContentValidation: Display: Validating MapBuildDataRegistry /Game/Level/TestLevel_BuiltData.TestLevel_BuiltData
