  Using 'git status' to determine working set for adaptive non-unity build (C:\Users\lukas\Documents\Unreal Projects\OnlineCowboyCompetitionGame).
  Creating makefile for OnlineCowboyGameEditor (no existing makefile)
  Parsing headers for OnlineCowboyGameEditor
    Running UnrealHeaderTool "C:\Users\lukas\Documents\Unreal Projects\OnlineCowboyCompetitionGame\OnlineCowboyGame\OnlineCowboyGame.uproject" "C:\Users\lukas\Documents\Unreal Projects\OnlineCowboyCompetitionGame\OnlineCowboyGame\Intermediate\Build\Win64\OnlineCowboyGameEditor\Development\OnlineCowboyGameEditor.uhtmanifest" -LogCmds="loginit warning, logexit warning, logdatabase error" -Unattended -WarningsAsErrors -abslog="C:\Users\lukas\AppData\Local\UnrealBuildTool\Log_UHT.txt" -installed
  Reflection code generated for OnlineCowboyGameEditor in 44,1157247 seconds
  Building OnlineCowboyGameEditor...
  Using Visual Studio 2019 14.27.29111 toolchain (C:\Program Files (x86)\Microsoft Visual Studio\2019\Community\VC\Tools\MSVC\14.27.29110) and Windows 10.0.18362.0 SDK (C:\Program Files (x86)\Windows Kits\10).
  Building 9 actions with 4 processes...
    [1/9] OnlineCowboyGame.init.gen.cpp
    [2/9] CowobyGameInstance.gen.cpp
    [3/9] ServerRow.gen.cpp
    [4/9] MainMenu.cpp
    [5/9] ServerRow.cpp
    [6/9] CowobyGameInstance.cpp
    [7/9] UE4Editor-OnlineCowboyGame-0002.lib
       Trwa tworzenie biblioteki C:\Users\lukas\Documents\Unreal Projects\OnlineCowboyCompetitionGame\OnlineCowboyGame\Intermediate\Build\Win64\UE4Editor\Development\OnlineCowboyGame\UE4Editor-OnlineCowboyGame-0002.lib i obiektu C:\Users\lukas\Documents\Unreal Projects\OnlineCowboyCompetitionGame\OnlineCowboyGame\Intermediate\Build\Win64\UE4Editor\Development\OnlineCowboyGame\UE4Editor-OnlineCowboyGame-0002.exp
    [8/9] UE4Editor-OnlineCowboyGame-0002.dll
       Trwa tworzenie biblioteki C:\Users\lukas\Documents\Unreal Projects\OnlineCowboyCompetitionGame\OnlineCowboyGame\Intermediate\Build\Win64\UE4Editor\Development\OnlineCowboyGame\UE4Editor-OnlineCowboyGame-0002.suppressed.lib i obiektu C:\Users\lukas\Documents\Unreal Projects\OnlineCowboyCompetitionGame\OnlineCowboyGame\Intermediate\Build\Win64\UE4Editor\Development\OnlineCowboyGame\UE4Editor-OnlineCowboyGame-0002.suppressed.exp
    [9/9] OnlineCowboyGameEditor.target
  Total time in Parallel executor: 41,31 seconds
  Total execution time: 92,08 seconds
